[+] Containers:
 |- [+] Container: /Game/ThirdPerson/Maps/ThirdPersonMap
 |   |- [+] ActorDescs:
 |   |   |- Guid:185C2F1A4932C650C9DF71A11C5B3AAD NativeClass:/Script/Engine.StaticMeshActor Name:StaticMeshActor_UAID_D4939035A6224AAC02_2065269157 Label:SM_PlatformSmall_001 SpatiallyLoaded:true EditorBounds:IsValid=true, Min=(X=1406.428 Y=1933.187 Z=-15.427), Max=(X=5600.267 Y=6256.069 Z=450.882) RuntimeBounds:IsValid=true, Min=(X=1406.428 Y=1933.187 Z=-15.427), Max=(X=5600.267 Y=6256.069 Z=450.882) RuntimeGrid:None EditorOnly:false RuntimeOnly:false HLODRelevant:true ListedInSceneOutliner:true IsMainWorldOnly:false
 |   |   |- Guid:1EF6DBE54BDC85FEB6F363AEEF2F7B72 NativeClass:/Script/Engine.StaticMeshActor Name:StaticMeshActor_UAID_D4939035A6222AAC02_1431231527 Label:Templebuilding1_B_version SpatiallyLoaded:true EditorBounds:IsValid=true, Min=(X=1410.000 Y=1070.000 Z=40.000), Max=(X=1410.000 Y=1070.000 Z=40.000) RuntimeBounds:IsValid=true, Min=(X=1410.000 Y=1070.000 Z=40.000), Max=(X=1410.000 Y=1070.000 Z=40.000) RuntimeGrid:None EditorOnly:false RuntimeOnly:false HLODRelevant:false ListedInSceneOutliner:true IsMainWorldOnly:false
 |   |   |- Guid:2FB58999456391D349DC0F86DAC136ED NativeClass:/Script/Engine.SkyLight Name:SkyLight_1 Label:SkyLight SpatiallyLoaded:false EditorBounds:IsValid=true, Min=(X=-1.000 Y=-1.000 Z=-1.000), Max=(X=1.000 Y=1.000 Z=690.000) RuntimeBounds:IsValid=true, Min=(X=0.000 Y=0.000 Z=690.000), Max=(X=0.000 Y=0.000 Z=690.000) RuntimeGrid:None EditorOnly:false RuntimeOnly:false HLODRelevant:false ListedInSceneOutliner:true IsMainWorldOnly:false FolderPath:Lighting FolderGuid:963EC3EB4002CCE9759E2EBA541A873A
 |   |   |- Guid:316CF2A6494ACA4C0E4180A87D36AB8F NativeClass:/Script/Engine.ExponentialHeightFog Name:ExponentialHeightFog_0 Label:ExponentialHeightFog SpatiallyLoaded:false EditorBounds:IsValid=true, Min=(X=-5600.000 Y=-50.000 Z=-6850.000), Max=(X=-5600.000 Y=-50.000 Z=-6850.000) RuntimeBounds:IsValid=true, Min=(X=-5600.000 Y=-50.000 Z=-6850.000), Max=(X=-5600.000 Y=-50.000 Z=-6850.000) RuntimeGrid:None EditorOnly:false RuntimeOnly:false HLODRelevant:false ListedInSceneOutliner:true IsMainWorldOnly:false FolderPath:Lighting FolderGuid:963EC3EB4002CCE9759E2EBA541A873A
 |   |   |- Guid:4D3BE93F4146AAAC8BBE79999D96D57F NativeClass:/Script/Engine.VolumetricCloud Name:VolumetricCloud_0 Label:VolumetricCloud SpatiallyLoaded:false EditorBounds:IsValid=true, Min=(X=0.000 Y=0.000 Z=820.000), Max=(X=0.000 Y=0.000 Z=820.000) RuntimeBounds:IsValid=true, Min=(X=0.000 Y=0.000 Z=820.000), Max=(X=0.000 Y=0.000 Z=820.000) RuntimeGrid:None EditorOnly:false RuntimeOnly:false HLODRelevant:false ListedInSceneOutliner:true IsMainWorldOnly:false FolderPath:Lighting FolderGuid:963EC3EB4002CCE9759E2EBA541A873A
 |   |   |- Guid:4F987B6343C1AB2FA31880B4C3E6B2A3 NativeClass:/Script/Engine.PlayerStart Name:PlayerStart_UAID_D8BBC16BAA3495AB02_1311257298 Label:PlayerStart4 SpatiallyLoaded:false EditorBounds:IsValid=true, Min=(X=772.000 Y=1022.000 Z=-35.987), Max=(X=1140.000 Y=1278.000 Z=220.013) RuntimeBounds:IsValid=true, Min=(X=860.000 Y=1110.000 Z=0.013), Max=(X=940.000 Y=1190.000 Z=184.013) RuntimeGrid:None EditorOnly:false RuntimeOnly:false HLODRelevant:false ListedInSceneOutliner:true IsMainWorldOnly:false
 |   |   |- Guid:6BAF4DDD444C60371492D3919DB42C97 NativeClass:/Script/Engine.WorldDataLayers Name:WorldDataLayers Label:WorldDataLayers SpatiallyLoaded:false EditorBounds:IsValid=true, Min=(X=0.000 Y=0.000 Z=0.000), Max=(X=0.000 Y=0.000 Z=0.000) RuntimeBounds:IsValid=true, Min=(X=0.000 Y=0.000 Z=0.000), Max=(X=0.000 Y=0.000 Z=0.000) RuntimeGrid:None EditorOnly:false RuntimeOnly:false HLODRelevant:false ListedInSceneOutliner:true IsMainWorldOnly:true
 |   |   |- Guid:8A8E79CB4FED2D6C5C882EB8E0395198 NativeClass:/Script/Engine.StaticMeshActor Name:StaticMeshActor_UAID_D4939035A6222AAC02_1525933531 Label:Random_Box SpatiallyLoaded:true EditorBounds:IsValid=true, Min=(X=1600.000 Y=1250.000 Z=90.000), Max=(X=1600.000 Y=1250.000 Z=90.000) RuntimeBounds:IsValid=true, Min=(X=1600.000 Y=1250.000 Z=90.000), Max=(X=1600.000 Y=1250.000 Z=90.000) RuntimeGrid:None EditorOnly:false RuntimeOnly:false HLODRelevant:false ListedInSceneOutliner:true IsMainWorldOnly:false
 |   |   |- Guid:91D33361491FD9DE6D2B93A88E36CEBF BaseClass:/Game/AdvancedPortalsSystemVFX/Blueprints/BP_Portal_1.BP_Portal_1_C NativeClass:/Script/Engine.Actor Name:BP_Portal_1_C_UAID_D4939035A62244AC02_1385066095 Label:BP_Portal_1 SpatiallyLoaded:true EditorBounds:IsValid=true, Min=(X=-40.063 Y=-1816.255 Z=-1771.271), Max=(X=3959.937 Y=2500.657 Z=2228.729) RuntimeBounds:IsValid=true, Min=(X=869.338 Y=-906.854 Z=-861.869), Max=(X=3050.535 Y=1274.344 Z=1319.328) RuntimeGrid:None EditorOnly:false RuntimeOnly:false HLODRelevant:true ListedInSceneOutliner:true IsMainWorldOnly:false
 |   |   |- Guid:99BD8A7C4BAD1C3F922858A3F5257BC6 NativeClass:/Script/Engine.StaticMeshActor Name:StaticMeshActor_UAID_D4939035A6224AAC02_2033917156 Label:SM_PlatformSmall_004 SpatiallyLoaded:true EditorBounds:IsValid=true, Min=(X=-4366.171 Y=5481.432 Z=260.767), Max=(X=2401.881 Y=9412.649 Z=1086.019) RuntimeBounds:IsValid=true, Min=(X=-4366.171 Y=5481.432 Z=260.767), Max=(X=2401.881 Y=9412.649 Z=1086.019) RuntimeGrid:None EditorOnly:false RuntimeOnly:false HLODRelevant:true ListedInSceneOutliner:true IsMainWorldOnly:false
 |   |   |- Guid:A37C248543024E66E04ACFA5155C789B NativeClass:/Script/Engine.PlayerStart Name:PlayerStart_UAID_D8BBC16BAA3495AB02_1309564297 Label:PlayerStart3 SpatiallyLoaded:false EditorBounds:IsValid=true, Min=(X=772.000 Y=1302.000 Z=-35.987), Max=(X=1140.000 Y=1558.000 Z=220.013) RuntimeBounds:IsValid=true, Min=(X=860.000 Y=1390.000 Z=0.013), Max=(X=940.000 Y=1470.000 Z=184.013) RuntimeGrid:None EditorOnly:false RuntimeOnly:false HLODRelevant:false ListedInSceneOutliner:true IsMainWorldOnly:false
 |   |   |- Guid:A869EE924E0FF23056CF169A1406A061 NativeClass:/Script/Engine.StaticMeshActor Name:StaticMeshActor_UAID_D4939035A6222AAC02_1538938532 Label:Decorative_Orb1 SpatiallyLoaded:true EditorBounds:IsValid=true, Min=(X=1420.000 Y=1140.000 Z=120.000), Max=(X=1420.000 Y=1140.000 Z=120.000) RuntimeBounds:IsValid=true, Min=(X=1420.000 Y=1140.000 Z=120.000), Max=(X=1420.000 Y=1140.000 Z=120.000) RuntimeGrid:None EditorOnly:false RuntimeOnly:false HLODRelevant:false ListedInSceneOutliner:true IsMainWorldOnly:false
 |   |   |- Guid:AAA71BF54A52C98E954B7CAB1E36177B NativeClass:/Script/Engine.PlayerStart Name:PlayerStart_UAID_D8BBC16BAA3495AB02_1210580295 Label:PlayerStart2 SpatiallyLoaded:false EditorBounds:IsValid=true, Min=(X=772.000 Y=1162.000 Z=-35.987), Max=(X=1140.000 Y=1418.000 Z=220.013) RuntimeBounds:IsValid=true, Min=(X=860.000 Y=1250.000 Z=0.013), Max=(X=940.000 Y=1330.000 Z=184.013) RuntimeGrid:None EditorOnly:false RuntimeOnly:false HLODRelevant:false ListedInSceneOutliner:true IsMainWorldOnly:false
 |   |   |- Guid:B785ED2844B84CFB91E7F39FE661CD99 NativeClass:/Script/Engine.DirectionalLight Name:DirectionalLight_0 Label:DirectionalLight SpatiallyLoaded:false EditorBounds:IsValid=false, Min=(X=0.000 Y=0.000 Z=0.000), Max=(X=0.000 Y=0.000 Z=0.000) RuntimeBounds:IsValid=false, Min=(X=0.000 Y=0.000 Z=0.000), Max=(X=0.000 Y=0.000 Z=0.000) RuntimeGrid:None EditorOnly:false RuntimeOnly:false HLODRelevant:false ListedInSceneOutliner:true IsMainWorldOnly:false FolderPath:Lighting FolderGuid:963EC3EB4002CCE9759E2EBA541A873A
 |   |   |- Guid:CCFF262C46EEFFDF319E7F9539CE697E NativeClass:/Script/Engine.SkyAtmosphere Name:SkyAtmosphere_0 Label:SkyAtmosphere SpatiallyLoaded:false EditorBounds:IsValid=true, Min=(X=0.000 Y=0.000 Z=1020.000), Max=(X=0.000 Y=0.000 Z=1020.000) RuntimeBounds:IsValid=true, Min=(X=0.000 Y=0.000 Z=1020.000), Max=(X=0.000 Y=0.000 Z=1020.000) RuntimeGrid:None EditorOnly:false RuntimeOnly:false HLODRelevant:false ListedInSceneOutliner:true IsMainWorldOnly:false FolderPath:Lighting FolderGuid:963EC3EB4002CCE9759E2EBA541A873A
 |   |   |- Guid:EC4E0C944CE6AC6E784BC6BB2916EA13 NativeClass:/Script/Engine.StaticMeshActor Name:StaticMeshActor_UAID_A4AE111137DC5EFB00_1110535423 Label:SM_SkySphere SpatiallyLoaded:false EditorBounds:IsValid=true, Min=(X=-1638400.000 Y=-1638400.000 Z=-1638400.000), Max=(X=1638400.000 Y=1638400.000 Z=1638400.000) RuntimeBounds:IsValid=true, Min=(X=-1638400.000 Y=-1638400.000 Z=-1638400.000), Max=(X=1638400.000 Y=1638400.000 Z=1638400.000) RuntimeGrid:None EditorOnly:false RuntimeOnly:false HLODRelevant:true ListedInSceneOutliner:true IsMainWorldOnly:false FolderPath:Lighting FolderGuid:963EC3EB4002CCE9759E2EBA541A873A
 |   |   |- Guid:F1924B8D48954B30891B2DB6A694F9CC NativeClass:/Script/Engine.StaticMeshActor Name:StaticMeshActor_1 Label:SM_Cube SpatiallyLoaded:true EditorBounds:IsValid=true, Min=(X=-4700.000 Y=-2900.000 Z=-50.000), Max=(X=4921.442 Y=8325.000 Z=0.000) RuntimeBounds:IsValid=true, Min=(X=-4700.000 Y=-2900.000 Z=-50.000), Max=(X=4921.442 Y=8325.000 Z=0.000) RuntimeGrid:None EditorOnly:false RuntimeOnly:false HLODRelevant:true ListedInSceneOutliner:true IsMainWorldOnly:false FolderPath:Playground FolderGuid:C73F09FC4215536B1DCE2A9E0A830C70
 |   |   |- Guid:FBB89B17491EDD144A3699B006119753 NativeClass:/Script/Engine.StaticMeshActor Name:StaticMeshActor_UAID_D4939035A6224AAC02_2024308155 Label:SM_PlatformSmall_003 SpatiallyLoaded:true EditorBounds:IsValid=true, Min=(X=-3476.757 Y=-499.525 Z=-18.033), Max=(X=-292.006 Y=2524.003 Z=1295.811) RuntimeBounds:IsValid=true, Min=(X=-3476.757 Y=-499.525 Z=-18.033), Max=(X=-292.006 Y=2524.003 Z=1295.811) RuntimeGrid:None EditorOnly:false RuntimeOnly:false HLODRelevant:true ListedInSceneOutliner:true IsMainWorldOnly:false
 |   |   |- Guid:FCBD218948083869A7D7A3B95EFF6B94 NativeClass:/Script/Engine.StaticMeshActor Name:StaticMeshActor_UAID_D4939035A6224AAC02_2071057158 Label:SM_Platform_003 SpatiallyLoaded:true EditorBounds:IsValid=true, Min=(X=-1170.074 Y=-5684.787 Z=-1440.157), Max=(X=5534.217 Y=4346.587 Z=156.293) RuntimeBounds:IsValid=true, Min=(X=-1170.074 Y=-5684.787 Z=-1440.157), Max=(X=5534.217 Y=4346.587 Z=156.293) RuntimeGrid:None EditorOnly:false RuntimeOnly:false HLODRelevant:true ListedInSceneOutliner:true IsMainWorldOnly:false
 |   |- [+] Clusters:
 |   |   |- [+] [  0]
 |   |   |   |- Guid:185C2F1A4932C650C9DF71A11C5B3AAD NativeClass:/Script/Engine.StaticMeshActor Name:StaticMeshActor_UAID_D4939035A6224AAC02_2065269157 Label:SM_PlatformSmall_001 SpatiallyLoaded:true EditorBounds:IsValid=true, Min=(X=1406.428 Y=1933.187 Z=-15.427), Max=(X=5600.267 Y=6256.069 Z=450.882) RuntimeBounds:IsValid=true, Min=(X=1406.428 Y=1933.187 Z=-15.427), Max=(X=5600.267 Y=6256.069 Z=450.882) RuntimeGrid:None EditorOnly:false RuntimeOnly:false HLODRelevant:true ListedInSceneOutliner:true IsMainWorldOnly:false
 |   |   |- [+] [  1]
 |   |   |   |- Guid:1EF6DBE54BDC85FEB6F363AEEF2F7B72 NativeClass:/Script/Engine.StaticMeshActor Name:StaticMeshActor_UAID_D4939035A6222AAC02_1431231527 Label:Templebuilding1_B_version SpatiallyLoaded:true EditorBounds:IsValid=true, Min=(X=1410.000 Y=1070.000 Z=40.000), Max=(X=1410.000 Y=1070.000 Z=40.000) RuntimeBounds:IsValid=true, Min=(X=1410.000 Y=1070.000 Z=40.000), Max=(X=1410.000 Y=1070.000 Z=40.000) RuntimeGrid:None EditorOnly:false RuntimeOnly:false HLODRelevant:false ListedInSceneOutliner:true IsMainWorldOnly:false
 |   |   |- [+] [  2]
 |   |   |   |- Guid:2FB58999456391D349DC0F86DAC136ED NativeClass:/Script/Engine.SkyLight Name:SkyLight_1 Label:SkyLight SpatiallyLoaded:false EditorBounds:IsValid=true, Min=(X=-1.000 Y=-1.000 Z=-1.000), Max=(X=1.000 Y=1.000 Z=690.000) RuntimeBounds:IsValid=true, Min=(X=0.000 Y=0.000 Z=690.000), Max=(X=0.000 Y=0.000 Z=690.000) RuntimeGrid:None EditorOnly:false RuntimeOnly:false HLODRelevant:false ListedInSceneOutliner:true IsMainWorldOnly:false FolderPath:Lighting FolderGuid:963EC3EB4002CCE9759E2EBA541A873A
 |   |   |- [+] [  3]
 |   |   |   |- Guid:316CF2A6494ACA4C0E4180A87D36AB8F NativeClass:/Script/Engine.ExponentialHeightFog Name:ExponentialHeightFog_0 Label:ExponentialHeightFog SpatiallyLoaded:false EditorBounds:IsValid=true, Min=(X=-5600.000 Y=-50.000 Z=-6850.000), Max=(X=-5600.000 Y=-50.000 Z=-6850.000) RuntimeBounds:IsValid=true, Min=(X=-5600.000 Y=-50.000 Z=-6850.000), Max=(X=-5600.000 Y=-50.000 Z=-6850.000) RuntimeGrid:None EditorOnly:false RuntimeOnly:false HLODRelevant:false ListedInSceneOutliner:true IsMainWorldOnly:false FolderPath:Lighting FolderGuid:963EC3EB4002CCE9759E2EBA541A873A
 |   |   |- [+] [  4]
 |   |   |   |- Guid:4D3BE93F4146AAAC8BBE79999D96D57F NativeClass:/Script/Engine.VolumetricCloud Name:VolumetricCloud_0 Label:VolumetricCloud SpatiallyLoaded:false EditorBounds:IsValid=true, Min=(X=0.000 Y=0.000 Z=820.000), Max=(X=0.000 Y=0.000 Z=820.000) RuntimeBounds:IsValid=true, Min=(X=0.000 Y=0.000 Z=820.000), Max=(X=0.000 Y=0.000 Z=820.000) RuntimeGrid:None EditorOnly:false RuntimeOnly:false HLODRelevant:false ListedInSceneOutliner:true IsMainWorldOnly:false FolderPath:Lighting FolderGuid:963EC3EB4002CCE9759E2EBA541A873A
 |   |   |- [+] [  5]
 |   |   |   |- Guid:4F987B6343C1AB2FA31880B4C3E6B2A3 NativeClass:/Script/Engine.PlayerStart Name:PlayerStart_UAID_D8BBC16BAA3495AB02_1311257298 Label:PlayerStart4 SpatiallyLoaded:false EditorBounds:IsValid=true, Min=(X=772.000 Y=1022.000 Z=-35.987), Max=(X=1140.000 Y=1278.000 Z=220.013) RuntimeBounds:IsValid=true, Min=(X=860.000 Y=1110.000 Z=0.013), Max=(X=940.000 Y=1190.000 Z=184.013) RuntimeGrid:None EditorOnly:false RuntimeOnly:false HLODRelevant:false ListedInSceneOutliner:true IsMainWorldOnly:false
 |   |   |- [+] [  6]
 |   |   |   |- Guid:6BAF4DDD444C60371492D3919DB42C97 NativeClass:/Script/Engine.WorldDataLayers Name:WorldDataLayers Label:WorldDataLayers SpatiallyLoaded:false EditorBounds:IsValid=true, Min=(X=0.000 Y=0.000 Z=0.000), Max=(X=0.000 Y=0.000 Z=0.000) RuntimeBounds:IsValid=true, Min=(X=0.000 Y=0.000 Z=0.000), Max=(X=0.000 Y=0.000 Z=0.000) RuntimeGrid:None EditorOnly:false RuntimeOnly:false HLODRelevant:false ListedInSceneOutliner:true IsMainWorldOnly:true
 |   |   |- [+] [  7]
 |   |   |   |- Guid:8A8E79CB4FED2D6C5C882EB8E0395198 NativeClass:/Script/Engine.StaticMeshActor Name:StaticMeshActor_UAID_D4939035A6222AAC02_1525933531 Label:Random_Box SpatiallyLoaded:true EditorBounds:IsValid=true, Min=(X=1600.000 Y=1250.000 Z=90.000), Max=(X=1600.000 Y=1250.000 Z=90.000) RuntimeBounds:IsValid=true, Min=(X=1600.000 Y=1250.000 Z=90.000), Max=(X=1600.000 Y=1250.000 Z=90.000) RuntimeGrid:None EditorOnly:false RuntimeOnly:false HLODRelevant:false ListedInSceneOutliner:true IsMainWorldOnly:false
 |   |   |- [+] [  8]
 |   |   |   |- Guid:91D33361491FD9DE6D2B93A88E36CEBF BaseClass:/Game/AdvancedPortalsSystemVFX/Blueprints/BP_Portal_1.BP_Portal_1_C NativeClass:/Script/Engine.Actor Name:BP_Portal_1_C_UAID_D4939035A62244AC02_1385066095 Label:BP_Portal_1 SpatiallyLoaded:true EditorBounds:IsValid=true, Min=(X=-40.063 Y=-1816.255 Z=-1771.271), Max=(X=3959.937 Y=2500.657 Z=2228.729) RuntimeBounds:IsValid=true, Min=(X=869.338 Y=-906.854 Z=-861.869), Max=(X=3050.535 Y=1274.344 Z=1319.328) RuntimeGrid:None EditorOnly:false RuntimeOnly:false HLODRelevant:true ListedInSceneOutliner:true IsMainWorldOnly:false
 |   |   |- [+] [  9]
 |   |   |   |- Guid:99BD8A7C4BAD1C3F922858A3F5257BC6 NativeClass:/Script/Engine.StaticMeshActor Name:StaticMeshActor_UAID_D4939035A6224AAC02_2033917156 Label:SM_PlatformSmall_004 SpatiallyLoaded:true EditorBounds:IsValid=true, Min=(X=-4366.171 Y=5481.432 Z=260.767), Max=(X=2401.881 Y=9412.649 Z=1086.019) RuntimeBounds:IsValid=true, Min=(X=-4366.171 Y=5481.432 Z=260.767), Max=(X=2401.881 Y=9412.649 Z=1086.019) RuntimeGrid:None EditorOnly:false RuntimeOnly:false HLODRelevant:true ListedInSceneOutliner:true IsMainWorldOnly:false
 |   |   |- [+] [ 10]
 |   |   |   |- Guid:A37C248543024E66E04ACFA5155C789B NativeClass:/Script/Engine.PlayerStart Name:PlayerStart_UAID_D8BBC16BAA3495AB02_1309564297 Label:PlayerStart3 SpatiallyLoaded:false EditorBounds:IsValid=true, Min=(X=772.000 Y=1302.000 Z=-35.987), Max=(X=1140.000 Y=1558.000 Z=220.013) RuntimeBounds:IsValid=true, Min=(X=860.000 Y=1390.000 Z=0.013), Max=(X=940.000 Y=1470.000 Z=184.013) RuntimeGrid:None EditorOnly:false RuntimeOnly:false HLODRelevant:false ListedInSceneOutliner:true IsMainWorldOnly:false
 |   |   |- [+] [ 11]
 |   |   |   |- Guid:A869EE924E0FF23056CF169A1406A061 NativeClass:/Script/Engine.StaticMeshActor Name:StaticMeshActor_UAID_D4939035A6222AAC02_1538938532 Label:Decorative_Orb1 SpatiallyLoaded:true EditorBounds:IsValid=true, Min=(X=1420.000 Y=1140.000 Z=120.000), Max=(X=1420.000 Y=1140.000 Z=120.000) RuntimeBounds:IsValid=true, Min=(X=1420.000 Y=1140.000 Z=120.000), Max=(X=1420.000 Y=1140.000 Z=120.000) RuntimeGrid:None EditorOnly:false RuntimeOnly:false HLODRelevant:false ListedInSceneOutliner:true IsMainWorldOnly:false
 |   |   |- [+] [ 12]
 |   |   |   |- Guid:AAA71BF54A52C98E954B7CAB1E36177B NativeClass:/Script/Engine.PlayerStart Name:PlayerStart_UAID_D8BBC16BAA3495AB02_1210580295 Label:PlayerStart2 SpatiallyLoaded:false EditorBounds:IsValid=true, Min=(X=772.000 Y=1162.000 Z=-35.987), Max=(X=1140.000 Y=1418.000 Z=220.013) RuntimeBounds:IsValid=true, Min=(X=860.000 Y=1250.000 Z=0.013), Max=(X=940.000 Y=1330.000 Z=184.013) RuntimeGrid:None EditorOnly:false RuntimeOnly:false HLODRelevant:false ListedInSceneOutliner:true IsMainWorldOnly:false
 |   |   |- [+] [ 13]
 |   |   |   |- Guid:B785ED2844B84CFB91E7F39FE661CD99 NativeClass:/Script/Engine.DirectionalLight Name:DirectionalLight_0 Label:DirectionalLight SpatiallyLoaded:false EditorBounds:IsValid=false, Min=(X=0.000 Y=0.000 Z=0.000), Max=(X=0.000 Y=0.000 Z=0.000) RuntimeBounds:IsValid=false, Min=(X=0.000 Y=0.000 Z=0.000), Max=(X=0.000 Y=0.000 Z=0.000) RuntimeGrid:None EditorOnly:false RuntimeOnly:false HLODRelevant:false ListedInSceneOutliner:true IsMainWorldOnly:false FolderPath:Lighting FolderGuid:963EC3EB4002CCE9759E2EBA541A873A
 |   |   |- [+] [ 14]
 |   |   |   |- Guid:CCFF262C46EEFFDF319E7F9539CE697E NativeClass:/Script/Engine.SkyAtmosphere Name:SkyAtmosphere_0 Label:SkyAtmosphere SpatiallyLoaded:false EditorBounds:IsValid=true, Min=(X=0.000 Y=0.000 Z=1020.000), Max=(X=0.000 Y=0.000 Z=1020.000) RuntimeBounds:IsValid=true, Min=(X=0.000 Y=0.000 Z=1020.000), Max=(X=0.000 Y=0.000 Z=1020.000) RuntimeGrid:None EditorOnly:false RuntimeOnly:false HLODRelevant:false ListedInSceneOutliner:true IsMainWorldOnly:false FolderPath:Lighting FolderGuid:963EC3EB4002CCE9759E2EBA541A873A
 |   |   |- [+] [ 15]
 |   |   |   |- Guid:EC4E0C944CE6AC6E784BC6BB2916EA13 NativeClass:/Script/Engine.StaticMeshActor Name:StaticMeshActor_UAID_A4AE111137DC5EFB00_1110535423 Label:SM_SkySphere SpatiallyLoaded:false EditorBounds:IsValid=true, Min=(X=-1638400.000 Y=-1638400.000 Z=-1638400.000), Max=(X=1638400.000 Y=1638400.000 Z=1638400.000) RuntimeBounds:IsValid=true, Min=(X=-1638400.000 Y=-1638400.000 Z=-1638400.000), Max=(X=1638400.000 Y=1638400.000 Z=1638400.000) RuntimeGrid:None EditorOnly:false RuntimeOnly:false HLODRelevant:true ListedInSceneOutliner:true IsMainWorldOnly:false FolderPath:Lighting FolderGuid:963EC3EB4002CCE9759E2EBA541A873A
 |   |   |- [+] [ 16]
 |   |   |   |- Guid:F1924B8D48954B30891B2DB6A694F9CC NativeClass:/Script/Engine.StaticMeshActor Name:StaticMeshActor_1 Label:SM_Cube SpatiallyLoaded:true EditorBounds:IsValid=true, Min=(X=-4700.000 Y=-2900.000 Z=-50.000), Max=(X=4921.442 Y=8325.000 Z=0.000) RuntimeBounds:IsValid=true, Min=(X=-4700.000 Y=-2900.000 Z=-50.000), Max=(X=4921.442 Y=8325.000 Z=0.000) RuntimeGrid:None EditorOnly:false RuntimeOnly:false HLODRelevant:true ListedInSceneOutliner:true IsMainWorldOnly:false FolderPath:Playground FolderGuid:C73F09FC4215536B1DCE2A9E0A830C70
 |   |   |- [+] [ 17]
 |   |   |   |- Guid:FBB89B17491EDD144A3699B006119753 NativeClass:/Script/Engine.StaticMeshActor Name:StaticMeshActor_UAID_D4939035A6224AAC02_2024308155 Label:SM_PlatformSmall_003 SpatiallyLoaded:true EditorBounds:IsValid=true, Min=(X=-3476.757 Y=-499.525 Z=-18.033), Max=(X=-292.006 Y=2524.003 Z=1295.811) RuntimeBounds:IsValid=true, Min=(X=-3476.757 Y=-499.525 Z=-18.033), Max=(X=-292.006 Y=2524.003 Z=1295.811) RuntimeGrid:None EditorOnly:false RuntimeOnly:false HLODRelevant:true ListedInSceneOutliner:true IsMainWorldOnly:false
 |   |   |- [+] [ 18]
 |   |   |   |- Guid:FCBD218948083869A7D7A3B95EFF6B94 NativeClass:/Script/Engine.StaticMeshActor Name:StaticMeshActor_UAID_D4939035A6224AAC02_2071057158 Label:SM_Platform_003 SpatiallyLoaded:true EditorBounds:IsValid=true, Min=(X=-1170.074 Y=-5684.787 Z=-1440.157), Max=(X=5534.217 Y=4346.587 Z=156.293) RuntimeBounds:IsValid=true, Min=(X=-1170.074 Y=-5684.787 Z=-1440.157), Max=(X=5534.217 Y=4346.587 Z=156.293) RuntimeGrid:None EditorOnly:false RuntimeOnly:false HLODRelevant:true ListedInSceneOutliner:true IsMainWorldOnly:false
 |- ContainerInstances:
 |- [+] MainContainer:
 |   |-        ID: 00000000000000000000000000000000
 |   |-  ParentID: 00000000000000000000000000000000
 |   |-    Bounds: IsValid=false, Min=(X=0.000 Y=0.000 Z=0.000), Max=(X=0.000 Y=0.000 Z=0.000)
 |   |- Transform: 0.000000,0.000000,0.000000|0.000000,0.000000,-0.000000|1.000000,1.000000,1.000000
 |   |- Container: /Game/ThirdPerson/Maps/ThirdPersonMap
----------------------------------------------------------------------------------------------------------------
ThirdPersonMap - Persistent Level
----------------------------------------------------------------------------------------------------------------
[+] Content of ThirdPersonMap Persistent Level
 |- Always loaded Actor Count: 19 
 |- Actor Path: /Game/ThirdPerson/Maps/ThirdPersonMap.ThirdPersonMap:PersistentLevel.BP_Portal_1_C_UAID_D4939035A62244AC02_1385066095
 |- Actor Package: /Game/__ExternalActors__/ThirdPerson/Maps/ThirdPersonMap/C/R0/N66FF5I9VRWJ0A4YGXYLI2
 |- Actor Path: /Game/ThirdPerson/Maps/ThirdPersonMap.ThirdPersonMap:PersistentLevel.DirectionalLight_0
 |- Actor Package: /Game/__ExternalActors__/ThirdPerson/Maps/ThirdPersonMap/5/R1/TS5OQ5CRUWFZYL1ZQ7I416
 |- Actor Path: /Game/ThirdPerson/Maps/ThirdPersonMap.ThirdPersonMap:PersistentLevel.ExponentialHeightFog_0
 |- Actor Package: /Game/__ExternalActors__/ThirdPerson/Maps/ThirdPersonMap/6/J7/N10XDC9G27EMLS5AGZ6AVV
 |- Actor Path: /Game/ThirdPerson/Maps/ThirdPersonMap.ThirdPersonMap:PersistentLevel.PlayerStart_UAID_D8BBC16BAA3495AB02_1210580295
 |- Actor Package: /Game/__ExternalActors__/ThirdPerson/Maps/ThirdPersonMap/E/BQ/USMEY2410N57A7MP1P3A7Q
 |- Actor Path: /Game/ThirdPerson/Maps/ThirdPersonMap.ThirdPersonMap:PersistentLevel.PlayerStart_UAID_D8BBC16BAA3495AB02_1309564297
 |- Actor Package: /Game/__ExternalActors__/ThirdPerson/Maps/ThirdPersonMap/B/OJ/U0RZ86L66SLSDGKG2UA4LE
 |- Actor Path: /Game/ThirdPerson/Maps/ThirdPersonMap.ThirdPersonMap:PersistentLevel.PlayerStart_UAID_D8BBC16BAA3495AB02_1311257298
 |- Actor Package: /Game/__ExternalActors__/ThirdPerson/Maps/ThirdPersonMap/8/W1/83EF1T0VKURHN56GR18BVP
 |- Actor Path: /Game/ThirdPerson/Maps/ThirdPersonMap.ThirdPersonMap:PersistentLevel.SkyAtmosphere_0
 |- Actor Package: /Game/__ExternalActors__/ThirdPerson/Maps/ThirdPersonMap/4/LN/30UBDLYFFA5ZR7U4W4L4GG
 |- Actor Path: /Game/ThirdPerson/Maps/ThirdPersonMap.ThirdPersonMap:PersistentLevel.SkyLight_1
 |- Actor Package: /Game/__ExternalActors__/ThirdPerson/Maps/ThirdPersonMap/8/S1/DXUWD12MD3HRWVVXX076BY
 |- Actor Path: /Game/ThirdPerson/Maps/ThirdPersonMap.ThirdPersonMap:PersistentLevel.StaticMeshActor_1
 |- Actor Package: /Game/__ExternalActors__/ThirdPerson/Maps/ThirdPersonMap/6/YO/NG2R9BPZVA7ZDN0Z4VSTG6
 |- Actor Path: /Game/ThirdPerson/Maps/ThirdPersonMap.ThirdPersonMap:PersistentLevel.StaticMeshActor_UAID_A4AE111137DC5EFB00_1110535423
 |- Actor Package: /Game/__ExternalActors__/ThirdPerson/Maps/ThirdPersonMap/4/PN/2QISIGK5DJNQ05US8O8FXW
 |- Actor Path: /Game/ThirdPerson/Maps/ThirdPersonMap.ThirdPersonMap:PersistentLevel.StaticMeshActor_UAID_D4939035A6222AAC02_1431231527
 |- Actor Package: /Game/__ExternalActors__/ThirdPerson/Maps/ThirdPersonMap/8/5Q/PV7VLKTACX47NY6KL0QZSI
 |- Actor Path: /Game/ThirdPerson/Maps/ThirdPersonMap.ThirdPersonMap:PersistentLevel.StaticMeshActor_UAID_D4939035A6222AAC02_1525933531
 |- Actor Package: /Game/__ExternalActors__/ThirdPerson/Maps/ThirdPersonMap/1/2L/X6VM3DFBL0RBBU5R80PSSU
 |- Actor Path: /Game/ThirdPerson/Maps/ThirdPersonMap.ThirdPersonMap:PersistentLevel.StaticMeshActor_UAID_D4939035A6222AAC02_1538938532
 |- Actor Package: /Game/__ExternalActors__/ThirdPerson/Maps/ThirdPersonMap/B/TG/L9D1ORCKW39KX0AJ78GMNS
 |- Actor Path: /Game/ThirdPerson/Maps/ThirdPersonMap.ThirdPersonMap:PersistentLevel.StaticMeshActor_UAID_D4939035A6224AAC02_2024308155
 |- Actor Package: /Game/__ExternalActors__/ThirdPerson/Maps/ThirdPersonMap/8/NL/I73SRTUZJ6R9MFSO6NKF64
 |- Actor Path: /Game/ThirdPerson/Maps/ThirdPersonMap.ThirdPersonMap:PersistentLevel.StaticMeshActor_UAID_D4939035A6224AAC02_2033917156
 |- Actor Package: /Game/__ExternalActors__/ThirdPerson/Maps/ThirdPersonMap/4/F7/FS815EIZVLQ9ESF1SHGL45
 |- Actor Path: /Game/ThirdPerson/Maps/ThirdPersonMap.ThirdPersonMap:PersistentLevel.StaticMeshActor_UAID_D4939035A6224AAC02_2065269157
 |- Actor Package: /Game/__ExternalActors__/ThirdPerson/Maps/ThirdPersonMap/5/6U/OCB6KQKV83BPGIN9AF32IE
 |- Actor Path: /Game/ThirdPerson/Maps/ThirdPersonMap.ThirdPersonMap:PersistentLevel.StaticMeshActor_UAID_D4939035A6224AAC02_2071057158
 |- Actor Package: /Game/__ExternalActors__/ThirdPerson/Maps/ThirdPersonMap/3/9D/J2530P5VWGJEYIWZ4B4N7C
 |- Actor Path: /Game/ThirdPerson/Maps/ThirdPersonMap.ThirdPersonMap:PersistentLevel.VolumetricCloud_0
 |- Actor Package: /Game/__ExternalActors__/ThirdPerson/Maps/ThirdPersonMap/3/EY/87SHEJN5UBEAN2K5OV1G6R
 |- Actor Path: /Game/ThirdPerson/Maps/ThirdPersonMap.ThirdPersonMap:PersistentLevel.WorldDataLayers
 |- Actor Package: /Game/__ExternalActors__/ThirdPerson/Maps/ThirdPersonMap/0/43/HYQWORMY4JDQ5X3OKZXFLC

----------------------------------------------------------------------------------------------------------------
ThirdPersonMap - Runtime Hash Set
----------------------------------------------------------------------------------------------------------------

