[+] Containers:
 |- [+] Container: /Game/ThirdPerson/Maps/ThirdPersonMap
 |   |- [+] ActorDescs:
 |   |   |- Guid:0E05504845B131FBD604179A3D4C7374 NativeClass:/Script/Engine.StaticMeshActor Name:StaticMeshActor_UAID_D4939035A6224BAC02_1476386345 Label:SM_Cliff_8 SpatiallyLoaded:true EditorBounds:IsValid=true, Min=(X=-35953.179 Y=-4339.505 Z=-77.865), Max=(X=-1746.387 Y=28982.556 Z=11307.502) RuntimeBounds:IsValid=true, Min=(X=-35953.179 Y=-4339.505 Z=-77.865), Max=(X=-1746.387 Y=28982.556 Z=11307.502) RuntimeGrid:None EditorOnly:false RuntimeOnly:false HLODRelevant:true ListedInSceneOutliner:true IsMainWorldOnly:false
 |   |   |- Guid:1355D92B4C6AA46152039F8D34DB8417 NativeClass:/Script/Engine.StaticMeshActor Name:StaticMeshActor_UAID_D4939035A6224BAC02_2087599348 Label:SM_ColumnBig_001 SpatiallyLoaded:true EditorBounds:IsValid=true, Min=(X=-5084.198 Y=15626.038 Z=3503.194), Max=(X=-1286.421 Y=19423.822 Z=9447.576) RuntimeBounds:IsValid=true, Min=(X=-5084.198 Y=15626.038 Z=3503.194), Max=(X=-1286.421 Y=19423.822 Z=9447.576) RuntimeGrid:None EditorOnly:false RuntimeOnly:false HLODRelevant:true ListedInSceneOutliner:true IsMainWorldOnly:false
 |   |   |- Guid:185C2F1A4932C650C9DF71A11C5B3AAD NativeClass:/Script/Engine.StaticMeshActor Name:StaticMeshActor_UAID_D4939035A6224AAC02_2065269157 Label:SM_PlatformSmall_001 SpatiallyLoaded:true EditorBounds:IsValid=true, Min=(X=1406.428 Y=1933.187 Z=-15.427), Max=(X=5600.267 Y=6256.069 Z=450.882) RuntimeBounds:IsValid=true, Min=(X=1406.428 Y=1933.187 Z=-15.427), Max=(X=5600.267 Y=6256.069 Z=450.882) RuntimeGrid:None EditorOnly:false RuntimeOnly:false HLODRelevant:true ListedInSceneOutliner:true IsMainWorldOnly:false
 |   |   |- Guid:1EF6DBE54BDC85FEB6F363AEEF2F7B72 NativeClass:/Script/Engine.StaticMeshActor Name:StaticMeshActor_UAID_D4939035A6222AAC02_1431231527 Label:Templebuilding1_B_version SpatiallyLoaded:true EditorBounds:IsValid=true, Min=(X=1410.000 Y=1070.000 Z=40.000), Max=(X=1410.000 Y=1070.000 Z=40.000) RuntimeBounds:IsValid=true, Min=(X=1410.000 Y=1070.000 Z=40.000), Max=(X=1410.000 Y=1070.000 Z=40.000) RuntimeGrid:None EditorOnly:false RuntimeOnly:false HLODRelevant:false ListedInSceneOutliner:true IsMainWorldOnly:false
 |   |   |- Guid:2930C4364E1163647A50A3BAC3F8680E NativeClass:/Script/Engine.StaticMeshActor Name:StaticMeshActor_UAID_D4939035A6224BAC02_1484294346 Label:SM_Cliff_9 SpatiallyLoaded:true EditorBounds:IsValid=true, Min=(X=-36789.891 Y=-14460.365 Z=-77.865), Max=(X=-9136.356 Y=15153.848 Z=11307.502) RuntimeBounds:IsValid=true, Min=(X=-36789.891 Y=-14460.365 Z=-77.865), Max=(X=-9136.356 Y=15153.848 Z=11307.502) RuntimeGrid:None EditorOnly:false RuntimeOnly:false HLODRelevant:true ListedInSceneOutliner:true IsMainWorldOnly:false
 |   |   |- Guid:2FB58999456391D349DC0F86DAC136ED NativeClass:/Script/Engine.SkyLight Name:SkyLight_1 Label:SkyLight SpatiallyLoaded:false EditorBounds:IsValid=true, Min=(X=-1.000 Y=-1.000 Z=-1.000), Max=(X=1.000 Y=1.000 Z=690.000) RuntimeBounds:IsValid=true, Min=(X=0.000 Y=0.000 Z=690.000), Max=(X=0.000 Y=0.000 Z=690.000) RuntimeGrid:None EditorOnly:false RuntimeOnly:false HLODRelevant:false ListedInSceneOutliner:true IsMainWorldOnly:false FolderPath:Lighting FolderGuid:963EC3EB4002CCE9759E2EBA541A873A
 |   |   |- Guid:316CF2A6494ACA4C0E4180A87D36AB8F NativeClass:/Script/Engine.ExponentialHeightFog Name:ExponentialHeightFog_0 Label:ExponentialHeightFog SpatiallyLoaded:false EditorBounds:IsValid=true, Min=(X=-5600.000 Y=-50.000 Z=-6850.000), Max=(X=-5600.000 Y=-50.000 Z=-6850.000) RuntimeBounds:IsValid=true, Min=(X=-5600.000 Y=-50.000 Z=-6850.000), Max=(X=-5600.000 Y=-50.000 Z=-6850.000) RuntimeGrid:None EditorOnly:false RuntimeOnly:false HLODRelevant:false ListedInSceneOutliner:true IsMainWorldOnly:false FolderPath:Lighting FolderGuid:963EC3EB4002CCE9759E2EBA541A873A
 |   |   |- Guid:4D3BE93F4146AAAC8BBE79999D96D57F NativeClass:/Script/Engine.VolumetricCloud Name:VolumetricCloud_0 Label:VolumetricCloud SpatiallyLoaded:false EditorBounds:IsValid=true, Min=(X=0.000 Y=0.000 Z=820.000), Max=(X=0.000 Y=0.000 Z=820.000) RuntimeBounds:IsValid=true, Min=(X=0.000 Y=0.000 Z=820.000), Max=(X=0.000 Y=0.000 Z=820.000) RuntimeGrid:None EditorOnly:false RuntimeOnly:false HLODRelevant:false ListedInSceneOutliner:true IsMainWorldOnly:false FolderPath:Lighting FolderGuid:963EC3EB4002CCE9759E2EBA541A873A
 |   |   |- Guid:4F987B6343C1AB2FA31880B4C3E6B2A3 NativeClass:/Script/Engine.PlayerStart Name:PlayerStart_UAID_D8BBC16BAA3495AB02_1311257298 Label:PlayerStart4 SpatiallyLoaded:false EditorBounds:IsValid=true, Min=(X=772.000 Y=1022.000 Z=-35.987), Max=(X=1140.000 Y=1278.000 Z=220.013) RuntimeBounds:IsValid=true, Min=(X=860.000 Y=1110.000 Z=0.013), Max=(X=940.000 Y=1190.000 Z=184.013) RuntimeGrid:None EditorOnly:false RuntimeOnly:false HLODRelevant:false ListedInSceneOutliner:true IsMainWorldOnly:false
 |   |   |- Guid:6BAF4DDD444C60371492D3919DB42C97 NativeClass:/Script/Engine.WorldDataLayers Name:WorldDataLayers Label:WorldDataLayers SpatiallyLoaded:false EditorBounds:IsValid=true, Min=(X=0.000 Y=0.000 Z=0.000), Max=(X=0.000 Y=0.000 Z=0.000) RuntimeBounds:IsValid=true, Min=(X=0.000 Y=0.000 Z=0.000), Max=(X=0.000 Y=0.000 Z=0.000) RuntimeGrid:None EditorOnly:false RuntimeOnly:false HLODRelevant:false ListedInSceneOutliner:true IsMainWorldOnly:true
 |   |   |- Guid:6EF230C6437AF896F62F0EB3048D72B6 NativeClass:/Script/Engine.StaticMeshActor Name:StaticMeshActor_UAID_D4939035A6224BAC02_1359414338 Label:SM_Cliff_5 SpatiallyLoaded:true EditorBounds:IsValid=true, Min=(X=-8563.390 Y=-27528.456 Z=-332.754), Max=(X=20493.569 Y=177.410 Z=13766.683) RuntimeBounds:IsValid=true, Min=(X=-8563.390 Y=-27528.456 Z=-332.754), Max=(X=20493.569 Y=177.410 Z=13766.683) RuntimeGrid:None EditorOnly:false RuntimeOnly:false HLODRelevant:true ListedInSceneOutliner:true IsMainWorldOnly:false
 |   |   |- Guid:770CDBD043B7FA9D71A3C3BA6E923392 NativeClass:/Script/Engine.StaticMeshActor Name:StaticMeshActor_UAID_D4939035A6224BAC02_1401874340 Label:SM_Cliff_6 SpatiallyLoaded:true EditorBounds:IsValid=true, Min=(X=-26207.863 Y=-23509.523 Z=-332.754), Max=(X=-2934.219 Y=-2496.471 Z=13766.683) RuntimeBounds:IsValid=true, Min=(X=-26207.863 Y=-23509.523 Z=-332.754), Max=(X=-2934.219 Y=-2496.471 Z=13766.683) RuntimeGrid:None EditorOnly:false RuntimeOnly:false HLODRelevant:true ListedInSceneOutliner:true IsMainWorldOnly:false
 |   |   |- Guid:8A8E79CB4FED2D6C5C882EB8E0395198 NativeClass:/Script/Engine.StaticMeshActor Name:StaticMeshActor_UAID_D4939035A6222AAC02_1525933531 Label:Random_Box SpatiallyLoaded:true EditorBounds:IsValid=true, Min=(X=1600.000 Y=1250.000 Z=90.000), Max=(X=1600.000 Y=1250.000 Z=90.000) RuntimeBounds:IsValid=true, Min=(X=1600.000 Y=1250.000 Z=90.000), Max=(X=1600.000 Y=1250.000 Z=90.000) RuntimeGrid:None EditorOnly:false RuntimeOnly:false HLODRelevant:false ListedInSceneOutliner:true IsMainWorldOnly:false
 |   |   |- Guid:91D33361491FD9DE6D2B93A88E36CEBF BaseClass:/Game/AdvancedPortalsSystemVFX/Blueprints/BP_Portal_1.BP_Portal_1_C NativeClass:/Script/Engine.Actor Name:BP_Portal_1_C_UAID_D4939035A62244AC02_1385066095 Label:BP_Portal_1 SpatiallyLoaded:true EditorBounds:IsValid=true, Min=(X=-40.063 Y=-1816.255 Z=-1771.271), Max=(X=3959.937 Y=2500.657 Z=2228.729) RuntimeBounds:IsValid=true, Min=(X=869.338 Y=-906.854 Z=-861.869), Max=(X=3050.535 Y=1274.344 Z=1319.328) RuntimeGrid:None EditorOnly:false RuntimeOnly:false HLODRelevant:true ListedInSceneOutliner:true IsMainWorldOnly:false
 |   |   |- Guid:99BD8A7C4BAD1C3F922858A3F5257BC6 NativeClass:/Script/Engine.StaticMeshActor Name:StaticMeshActor_UAID_D4939035A6224AAC02_2033917156 Label:SM_PlatformSmall_004 SpatiallyLoaded:true EditorBounds:IsValid=true, Min=(X=-4366.171 Y=5481.432 Z=260.767), Max=(X=2401.881 Y=9412.649 Z=1086.019) RuntimeBounds:IsValid=true, Min=(X=-4366.171 Y=5481.432 Z=260.767), Max=(X=2401.881 Y=9412.649 Z=1086.019) RuntimeGrid:None EditorOnly:false RuntimeOnly:false HLODRelevant:true ListedInSceneOutliner:true IsMainWorldOnly:false
 |   |   |- Guid:9D273D8B4E0E1EBCC778DC9C09FC67A3 NativeClass:/Script/Engine.StaticMeshActor Name:StaticMeshActor_UAID_D4939035A6224BAC02_1265241336 Label:SM_Cliff_004 SpatiallyLoaded:true EditorBounds:IsValid=true, Min=(X=9093.591 Y=-4981.538 Z=-416.192), Max=(X=14912.002 Y=5524.989 Z=6633.526) RuntimeBounds:IsValid=true, Min=(X=9093.591 Y=-4981.538 Z=-416.192), Max=(X=14912.002 Y=5524.989 Z=6633.526) RuntimeGrid:None EditorOnly:false RuntimeOnly:false HLODRelevant:true ListedInSceneOutliner:true IsMainWorldOnly:false
 |   |   |- Guid:A37C248543024E66E04ACFA5155C789B NativeClass:/Script/Engine.PlayerStart Name:PlayerStart_UAID_D8BBC16BAA3495AB02_1309564297 Label:PlayerStart3 SpatiallyLoaded:false EditorBounds:IsValid=true, Min=(X=772.000 Y=1302.000 Z=-35.987), Max=(X=1140.000 Y=1558.000 Z=220.013) RuntimeBounds:IsValid=true, Min=(X=860.000 Y=1390.000 Z=0.013), Max=(X=940.000 Y=1470.000 Z=184.013) RuntimeGrid:None EditorOnly:false RuntimeOnly:false HLODRelevant:false ListedInSceneOutliner:true IsMainWorldOnly:false
 |   |   |- Guid:A5C23AD04E3DA3BF695867948E195266 NativeClass:/Script/Engine.StaticMeshActor Name:StaticMeshActor_UAID_D4939035A6224BAC02_2138717349 Label:SM_Gear_001 SpatiallyLoaded:true EditorBounds:IsValid=true, Min=(X=-4926.235 Y=14314.542 Z=1380.922), Max=(X=-3813.765 Y=15105.459 Z=2439.077) RuntimeBounds:IsValid=true, Min=(X=-4926.235 Y=14314.542 Z=1380.922), Max=(X=-3813.765 Y=15105.459 Z=2439.077) RuntimeGrid:None EditorOnly:false RuntimeOnly:false HLODRelevant:true ListedInSceneOutliner:true IsMainWorldOnly:false
 |   |   |- Guid:A869EE924E0FF23056CF169A1406A061 NativeClass:/Script/Engine.StaticMeshActor Name:StaticMeshActor_UAID_D4939035A6222AAC02_1538938532 Label:Decorative_Orb1 SpatiallyLoaded:true EditorBounds:IsValid=true, Min=(X=1420.000 Y=1140.000 Z=120.000), Max=(X=1420.000 Y=1140.000 Z=120.000) RuntimeBounds:IsValid=true, Min=(X=1420.000 Y=1140.000 Z=120.000), Max=(X=1420.000 Y=1140.000 Z=120.000) RuntimeGrid:None EditorOnly:false RuntimeOnly:false HLODRelevant:false ListedInSceneOutliner:true IsMainWorldOnly:false
 |   |   |- Guid:AAA71BF54A52C98E954B7CAB1E36177B NativeClass:/Script/Engine.PlayerStart Name:PlayerStart_UAID_D8BBC16BAA3495AB02_1210580295 Label:PlayerStart2 SpatiallyLoaded:false EditorBounds:IsValid=true, Min=(X=772.000 Y=1162.000 Z=-35.987), Max=(X=1140.000 Y=1418.000 Z=220.013) RuntimeBounds:IsValid=true, Min=(X=860.000 Y=1250.000 Z=0.013), Max=(X=940.000 Y=1330.000 Z=184.013) RuntimeGrid:None EditorOnly:false RuntimeOnly:false HLODRelevant:false ListedInSceneOutliner:true IsMainWorldOnly:false
 |   |   |- Guid:AC86276848436162D56B7BB7CCB702F6 NativeClass:/Script/Engine.StaticMeshActor Name:StaticMeshActor_UAID_D4939035A6224CAC02_1101489528 Label:SM_Pedestal_001 SpatiallyLoaded:true EditorBounds:IsValid=true, Min=(X=6661.202 Y=-8698.906 Z=3610.420), Max=(X=9566.284 Y=-5603.630 Z=4440.811) RuntimeBounds:IsValid=true, Min=(X=6661.202 Y=-8698.906 Z=3610.420), Max=(X=9566.284 Y=-5603.630 Z=4440.811) RuntimeGrid:None EditorOnly:false RuntimeOnly:false HLODRelevant:true ListedInSceneOutliner:true IsMainWorldOnly:false
 |   |   |- Guid:B785ED2844B84CFB91E7F39FE661CD99 NativeClass:/Script/Engine.DirectionalLight Name:DirectionalLight_0 Label:DirectionalLight SpatiallyLoaded:false EditorBounds:IsValid=false, Min=(X=0.000 Y=0.000 Z=0.000), Max=(X=0.000 Y=0.000 Z=0.000) RuntimeBounds:IsValid=false, Min=(X=0.000 Y=0.000 Z=0.000), Max=(X=0.000 Y=0.000 Z=0.000) RuntimeGrid:None EditorOnly:false RuntimeOnly:false HLODRelevant:false ListedInSceneOutliner:true IsMainWorldOnly:false FolderPath:Lighting FolderGuid:963EC3EB4002CCE9759E2EBA541A873A
 |   |   |- Guid:BC57DA3143FD706D4A90A5B3ADE25E17 NativeClass:/Script/Engine.StaticMeshActor Name:StaticMeshActor_UAID_D4939035A6224BAC02_1353520337 Label:SM_Cliff_005 SpatiallyLoaded:true EditorBounds:IsValid=true, Min=(X=5298.127 Y=-987.181 Z=-77.865), Max=(X=31223.967 Y=22521.530 Z=11307.502) RuntimeBounds:IsValid=true, Min=(X=5298.127 Y=-987.181 Z=-77.865), Max=(X=31223.967 Y=22521.530 Z=11307.502) RuntimeGrid:None EditorOnly:false RuntimeOnly:false HLODRelevant:true ListedInSceneOutliner:true IsMainWorldOnly:false
 |   |   |- Guid:CB2927EF46F8308094D61D85222E2E27 NativeClass:/Script/Engine.StaticMeshActor Name:StaticMeshActor_UAID_D4939035A6224BAC02_1437272342 Label:SM_Cliff_4 SpatiallyLoaded:true EditorBounds:IsValid=true, Min=(X=-3465.024 Y=1152.452 Z=-146.490), Max=(X=31002.686 Y=36192.858 Z=11842.337) RuntimeBounds:IsValid=true, Min=(X=-3465.024 Y=1152.452 Z=-146.490), Max=(X=31002.686 Y=36192.858 Z=11842.337) RuntimeGrid:None EditorOnly:false RuntimeOnly:false HLODRelevant:true ListedInSceneOutliner:true IsMainWorldOnly:false
 |   |   |- Guid:CCFF262C46EEFFDF319E7F9539CE697E NativeClass:/Script/Engine.SkyAtmosphere Name:SkyAtmosphere_0 Label:SkyAtmosphere SpatiallyLoaded:false EditorBounds:IsValid=true, Min=(X=0.000 Y=0.000 Z=1020.000), Max=(X=0.000 Y=0.000 Z=1020.000) RuntimeBounds:IsValid=true, Min=(X=0.000 Y=0.000 Z=1020.000), Max=(X=0.000 Y=0.000 Z=1020.000) RuntimeGrid:None EditorOnly:false RuntimeOnly:false HLODRelevant:false ListedInSceneOutliner:true IsMainWorldOnly:false FolderPath:Lighting FolderGuid:963EC3EB4002CCE9759E2EBA541A873A
 |   |   |- Guid:D953122548CAD5E90F590BA0A23901F7 NativeClass:/Script/Engine.StaticMeshActor Name:StaticMeshActor_UAID_D4939035A6224AAC02_2128546159 Label:SM_PlatformSmall_4 SpatiallyLoaded:true EditorBounds:IsValid=true, Min=(X=-3215.629 Y=-5362.233 Z=43.934), Max=(X=2307.509 Y=-887.173 Z=2671.622) RuntimeBounds:IsValid=true, Min=(X=-3215.629 Y=-5362.233 Z=43.934), Max=(X=2307.509 Y=-887.173 Z=2671.622) RuntimeGrid:None EditorOnly:false RuntimeOnly:false HLODRelevant:true ListedInSceneOutliner:true IsMainWorldOnly:false
 |   |   |- Guid:DB35DC2D49DD0E394F1E00AC484548B8 NativeClass:/Script/Engine.StaticMeshActor Name:StaticMeshActor_UAID_D4939035A6224BAC02_2070083347 Label:SM_WellSmall_001 SpatiallyLoaded:true EditorBounds:IsValid=true, Min=(X=-5234.840 Y=15278.433 Z=3134.096), Max=(X=-981.608 Y=19531.653 Z=5986.685) RuntimeBounds:IsValid=true, Min=(X=-5234.840 Y=15278.433 Z=3134.096), Max=(X=-981.608 Y=19531.653 Z=5986.685) RuntimeGrid:None EditorOnly:false RuntimeOnly:false HLODRelevant:true ListedInSceneOutliner:true IsMainWorldOnly:false
 |   |   |- Guid:EC4E0C944CE6AC6E784BC6BB2916EA13 NativeClass:/Script/Engine.StaticMeshActor Name:StaticMeshActor_UAID_A4AE111137DC5EFB00_1110535423 Label:SM_SkySphere SpatiallyLoaded:false EditorBounds:IsValid=true, Min=(X=-1638400.000 Y=-1638400.000 Z=-1638400.000), Max=(X=1638400.000 Y=1638400.000 Z=1638400.000) RuntimeBounds:IsValid=true, Min=(X=-1638400.000 Y=-1638400.000 Z=-1638400.000), Max=(X=1638400.000 Y=1638400.000 Z=1638400.000) RuntimeGrid:None EditorOnly:false RuntimeOnly:false HLODRelevant:false ListedInSceneOutliner:true IsMainWorldOnly:false FolderPath:Lighting FolderGuid:963EC3EB4002CCE9759E2EBA541A873A
 |   |   |- Guid:EF6034684283FEBC540095BBB85A6C2F NativeClass:/Script/Engine.StaticMeshActor Name:StaticMeshActor_UAID_D4939035A6224BAC02_2146367350 Label:SM_Gear_2 SpatiallyLoaded:true EditorBounds:IsValid=true, Min=(X=-589.078 Y=14184.542 Z=1533.765), Max=(X=469.077 Y=14975.459 Z=2646.235) RuntimeBounds:IsValid=true, Min=(X=-589.078 Y=14184.542 Z=1533.765), Max=(X=469.077 Y=14975.459 Z=2646.235) RuntimeGrid:None EditorOnly:false RuntimeOnly:false HLODRelevant:true ListedInSceneOutliner:true IsMainWorldOnly:false
 |   |   |- Guid:F1924B8D48954B30891B2DB6A694F9CC NativeClass:/Script/Engine.StaticMeshActor Name:StaticMeshActor_1 Label:SM_Cube SpatiallyLoaded:true EditorBounds:IsValid=true, Min=(X=-16900.000 Y=-21630.000 Z=-50.000), Max=(X=33100.000 Y=28370.000 Z=0.000) RuntimeBounds:IsValid=true, Min=(X=-16900.000 Y=-21630.000 Z=-50.000), Max=(X=33100.000 Y=28370.000 Z=0.000) RuntimeGrid:None EditorOnly:false RuntimeOnly:false HLODRelevant:true ListedInSceneOutliner:true IsMainWorldOnly:false FolderPath:Playground FolderGuid:C73F09FC4215536B1DCE2A9E0A830C70
 |   |   |- Guid:F1FAE4C8429680B510F304844BD60E51 NativeClass:/Script/Engine.StaticMeshActor Name:StaticMeshActor_UAID_D4939035A6224BAC02_1458996344 Label:SM_Cliff_7 SpatiallyLoaded:true EditorBounds:IsValid=true, Min=(X=-11757.863 Y=13510.477 Z=-162.754), Max=(X=11515.781 Y=34523.529 Z=13936.683) RuntimeBounds:IsValid=true, Min=(X=-11757.863 Y=13510.477 Z=-162.754), Max=(X=11515.781 Y=34523.529 Z=13936.683) RuntimeGrid:None EditorOnly:false RuntimeOnly:false HLODRelevant:true ListedInSceneOutliner:true IsMainWorldOnly:false
 |   |   |- Guid:FBB89B17491EDD144A3699B006119753 NativeClass:/Script/Engine.StaticMeshActor Name:StaticMeshActor_UAID_D4939035A6224AAC02_2024308155 Label:SM_PlatformSmall_003 SpatiallyLoaded:true EditorBounds:IsValid=true, Min=(X=-3476.757 Y=-499.525 Z=-18.033), Max=(X=-292.006 Y=2524.003 Z=1295.811) RuntimeBounds:IsValid=true, Min=(X=-3476.757 Y=-499.525 Z=-18.033), Max=(X=-292.006 Y=2524.003 Z=1295.811) RuntimeGrid:None EditorOnly:false RuntimeOnly:false HLODRelevant:true ListedInSceneOutliner:true IsMainWorldOnly:false
 |   |   |- Guid:FCBD218948083869A7D7A3B95EFF6B94 NativeClass:/Script/Engine.StaticMeshActor Name:StaticMeshActor_UAID_D4939035A6224AAC02_2071057158 Label:SM_Platform_003 SpatiallyLoaded:true EditorBounds:IsValid=true, Min=(X=-1170.074 Y=-5684.787 Z=-1440.157), Max=(X=5534.217 Y=4346.587 Z=156.293) RuntimeBounds:IsValid=true, Min=(X=-1170.074 Y=-5684.787 Z=-1440.157), Max=(X=5534.217 Y=4346.587 Z=156.293) RuntimeGrid:None EditorOnly:false RuntimeOnly:false HLODRelevant:true ListedInSceneOutliner:true IsMainWorldOnly:false
 |   |   |- Guid:FFD2B4314C2120C28AF57599A4AE6E48 NativeClass:/Script/Engine.StaticMeshActor Name:StaticMeshActor_UAID_D4939035A6224BAC02_1366551339 Label:SM_Cliff_003 SpatiallyLoaded:true EditorBounds:IsValid=true, Min=(X=4736.641 Y=-22379.266 Z=-790.152), Max=(X=30647.954 Y=2256.532 Z=8201.468) RuntimeBounds:IsValid=true, Min=(X=4736.641 Y=-22379.266 Z=-790.152), Max=(X=30647.954 Y=2256.532 Z=8201.468) RuntimeGrid:None EditorOnly:false RuntimeOnly:false HLODRelevant:true ListedInSceneOutliner:true IsMainWorldOnly:false
 |   |- [+] Clusters:
 |   |   |- [+] [  0]
 |   |   |   |- Guid:0E05504845B131FBD604179A3D4C7374 NativeClass:/Script/Engine.StaticMeshActor Name:StaticMeshActor_UAID_D4939035A6224BAC02_1476386345 Label:SM_Cliff_8 SpatiallyLoaded:true EditorBounds:IsValid=true, Min=(X=-35953.179 Y=-4339.505 Z=-77.865), Max=(X=-1746.387 Y=28982.556 Z=11307.502) RuntimeBounds:IsValid=true, Min=(X=-35953.179 Y=-4339.505 Z=-77.865), Max=(X=-1746.387 Y=28982.556 Z=11307.502) RuntimeGrid:None EditorOnly:false RuntimeOnly:false HLODRelevant:true ListedInSceneOutliner:true IsMainWorldOnly:false
 |   |   |- [+] [  1]
 |   |   |   |- Guid:1355D92B4C6AA46152039F8D34DB8417 NativeClass:/Script/Engine.StaticMeshActor Name:StaticMeshActor_UAID_D4939035A6224BAC02_2087599348 Label:SM_ColumnBig_001 SpatiallyLoaded:true EditorBounds:IsValid=true, Min=(X=-5084.198 Y=15626.038 Z=3503.194), Max=(X=-1286.421 Y=19423.822 Z=9447.576) RuntimeBounds:IsValid=true, Min=(X=-5084.198 Y=15626.038 Z=3503.194), Max=(X=-1286.421 Y=19423.822 Z=9447.576) RuntimeGrid:None EditorOnly:false RuntimeOnly:false HLODRelevant:true ListedInSceneOutliner:true IsMainWorldOnly:false
 |   |   |- [+] [  2]
 |   |   |   |- Guid:185C2F1A4932C650C9DF71A11C5B3AAD NativeClass:/Script/Engine.StaticMeshActor Name:StaticMeshActor_UAID_D4939035A6224AAC02_2065269157 Label:SM_PlatformSmall_001 SpatiallyLoaded:true EditorBounds:IsValid=true, Min=(X=1406.428 Y=1933.187 Z=-15.427), Max=(X=5600.267 Y=6256.069 Z=450.882) RuntimeBounds:IsValid=true, Min=(X=1406.428 Y=1933.187 Z=-15.427), Max=(X=5600.267 Y=6256.069 Z=450.882) RuntimeGrid:None EditorOnly:false RuntimeOnly:false HLODRelevant:true ListedInSceneOutliner:true IsMainWorldOnly:false
 |   |   |- [+] [  3]
 |   |   |   |- Guid:1EF6DBE54BDC85FEB6F363AEEF2F7B72 NativeClass:/Script/Engine.StaticMeshActor Name:StaticMeshActor_UAID_D4939035A6222AAC02_1431231527 Label:Templebuilding1_B_version SpatiallyLoaded:true EditorBounds:IsValid=true, Min=(X=1410.000 Y=1070.000 Z=40.000), Max=(X=1410.000 Y=1070.000 Z=40.000) RuntimeBounds:IsValid=true, Min=(X=1410.000 Y=1070.000 Z=40.000), Max=(X=1410.000 Y=1070.000 Z=40.000) RuntimeGrid:None EditorOnly:false RuntimeOnly:false HLODRelevant:false ListedInSceneOutliner:true IsMainWorldOnly:false
 |   |   |- [+] [  4]
 |   |   |   |- Guid:2930C4364E1163647A50A3BAC3F8680E NativeClass:/Script/Engine.StaticMeshActor Name:StaticMeshActor_UAID_D4939035A6224BAC02_1484294346 Label:SM_Cliff_9 SpatiallyLoaded:true EditorBounds:IsValid=true, Min=(X=-36789.891 Y=-14460.365 Z=-77.865), Max=(X=-9136.356 Y=15153.848 Z=11307.502) RuntimeBounds:IsValid=true, Min=(X=-36789.891 Y=-14460.365 Z=-77.865), Max=(X=-9136.356 Y=15153.848 Z=11307.502) RuntimeGrid:None EditorOnly:false RuntimeOnly:false HLODRelevant:true ListedInSceneOutliner:true IsMainWorldOnly:false
 |   |   |- [+] [  5]
 |   |   |   |- Guid:2FB58999456391D349DC0F86DAC136ED NativeClass:/Script/Engine.SkyLight Name:SkyLight_1 Label:SkyLight SpatiallyLoaded:false EditorBounds:IsValid=true, Min=(X=-1.000 Y=-1.000 Z=-1.000), Max=(X=1.000 Y=1.000 Z=690.000) RuntimeBounds:IsValid=true, Min=(X=0.000 Y=0.000 Z=690.000), Max=(X=0.000 Y=0.000 Z=690.000) RuntimeGrid:None EditorOnly:false RuntimeOnly:false HLODRelevant:false ListedInSceneOutliner:true IsMainWorldOnly:false FolderPath:Lighting FolderGuid:963EC3EB4002CCE9759E2EBA541A873A
 |   |   |- [+] [  6]
 |   |   |   |- Guid:316CF2A6494ACA4C0E4180A87D36AB8F NativeClass:/Script/Engine.ExponentialHeightFog Name:ExponentialHeightFog_0 Label:ExponentialHeightFog SpatiallyLoaded:false EditorBounds:IsValid=true, Min=(X=-5600.000 Y=-50.000 Z=-6850.000), Max=(X=-5600.000 Y=-50.000 Z=-6850.000) RuntimeBounds:IsValid=true, Min=(X=-5600.000 Y=-50.000 Z=-6850.000), Max=(X=-5600.000 Y=-50.000 Z=-6850.000) RuntimeGrid:None EditorOnly:false RuntimeOnly:false HLODRelevant:false ListedInSceneOutliner:true IsMainWorldOnly:false FolderPath:Lighting FolderGuid:963EC3EB4002CCE9759E2EBA541A873A
 |   |   |- [+] [  7]
 |   |   |   |- Guid:4D3BE93F4146AAAC8BBE79999D96D57F NativeClass:/Script/Engine.VolumetricCloud Name:VolumetricCloud_0 Label:VolumetricCloud SpatiallyLoaded:false EditorBounds:IsValid=true, Min=(X=0.000 Y=0.000 Z=820.000), Max=(X=0.000 Y=0.000 Z=820.000) RuntimeBounds:IsValid=true, Min=(X=0.000 Y=0.000 Z=820.000), Max=(X=0.000 Y=0.000 Z=820.000) RuntimeGrid:None EditorOnly:false RuntimeOnly:false HLODRelevant:false ListedInSceneOutliner:true IsMainWorldOnly:false FolderPath:Lighting FolderGuid:963EC3EB4002CCE9759E2EBA541A873A
 |   |   |- [+] [  8]
 |   |   |   |- Guid:4F987B6343C1AB2FA31880B4C3E6B2A3 NativeClass:/Script/Engine.PlayerStart Name:PlayerStart_UAID_D8BBC16BAA3495AB02_1311257298 Label:PlayerStart4 SpatiallyLoaded:false EditorBounds:IsValid=true, Min=(X=772.000 Y=1022.000 Z=-35.987), Max=(X=1140.000 Y=1278.000 Z=220.013) RuntimeBounds:IsValid=true, Min=(X=860.000 Y=1110.000 Z=0.013), Max=(X=940.000 Y=1190.000 Z=184.013) RuntimeGrid:None EditorOnly:false RuntimeOnly:false HLODRelevant:false ListedInSceneOutliner:true IsMainWorldOnly:false
 |   |   |- [+] [  9]
 |   |   |   |- Guid:6BAF4DDD444C60371492D3919DB42C97 NativeClass:/Script/Engine.WorldDataLayers Name:WorldDataLayers Label:WorldDataLayers SpatiallyLoaded:false EditorBounds:IsValid=true, Min=(X=0.000 Y=0.000 Z=0.000), Max=(X=0.000 Y=0.000 Z=0.000) RuntimeBounds:IsValid=true, Min=(X=0.000 Y=0.000 Z=0.000), Max=(X=0.000 Y=0.000 Z=0.000) RuntimeGrid:None EditorOnly:false RuntimeOnly:false HLODRelevant:false ListedInSceneOutliner:true IsMainWorldOnly:true
 |   |   |- [+] [ 10]
 |   |   |   |- Guid:6EF230C6437AF896F62F0EB3048D72B6 NativeClass:/Script/Engine.StaticMeshActor Name:StaticMeshActor_UAID_D4939035A6224BAC02_1359414338 Label:SM_Cliff_5 SpatiallyLoaded:true EditorBounds:IsValid=true, Min=(X=-8563.390 Y=-27528.456 Z=-332.754), Max=(X=20493.569 Y=177.410 Z=13766.683) RuntimeBounds:IsValid=true, Min=(X=-8563.390 Y=-27528.456 Z=-332.754), Max=(X=20493.569 Y=177.410 Z=13766.683) RuntimeGrid:None EditorOnly:false RuntimeOnly:false HLODRelevant:true ListedInSceneOutliner:true IsMainWorldOnly:false
 |   |   |- [+] [ 11]
 |   |   |   |- Guid:770CDBD043B7FA9D71A3C3BA6E923392 NativeClass:/Script/Engine.StaticMeshActor Name:StaticMeshActor_UAID_D4939035A6224BAC02_1401874340 Label:SM_Cliff_6 SpatiallyLoaded:true EditorBounds:IsValid=true, Min=(X=-26207.863 Y=-23509.523 Z=-332.754), Max=(X=-2934.219 Y=-2496.471 Z=13766.683) RuntimeBounds:IsValid=true, Min=(X=-26207.863 Y=-23509.523 Z=-332.754), Max=(X=-2934.219 Y=-2496.471 Z=13766.683) RuntimeGrid:None EditorOnly:false RuntimeOnly:false HLODRelevant:true ListedInSceneOutliner:true IsMainWorldOnly:false
 |   |   |- [+] [ 12]
 |   |   |   |- Guid:8A8E79CB4FED2D6C5C882EB8E0395198 NativeClass:/Script/Engine.StaticMeshActor Name:StaticMeshActor_UAID_D4939035A6222AAC02_1525933531 Label:Random_Box SpatiallyLoaded:true EditorBounds:IsValid=true, Min=(X=1600.000 Y=1250.000 Z=90.000), Max=(X=1600.000 Y=1250.000 Z=90.000) RuntimeBounds:IsValid=true, Min=(X=1600.000 Y=1250.000 Z=90.000), Max=(X=1600.000 Y=1250.000 Z=90.000) RuntimeGrid:None EditorOnly:false RuntimeOnly:false HLODRelevant:false ListedInSceneOutliner:true IsMainWorldOnly:false
 |   |   |- [+] [ 13]
 |   |   |   |- Guid:91D33361491FD9DE6D2B93A88E36CEBF BaseClass:/Game/AdvancedPortalsSystemVFX/Blueprints/BP_Portal_1.BP_Portal_1_C NativeClass:/Script/Engine.Actor Name:BP_Portal_1_C_UAID_D4939035A62244AC02_1385066095 Label:BP_Portal_1 SpatiallyLoaded:true EditorBounds:IsValid=true, Min=(X=-40.063 Y=-1816.255 Z=-1771.271), Max=(X=3959.937 Y=2500.657 Z=2228.729) RuntimeBounds:IsValid=true, Min=(X=869.338 Y=-906.854 Z=-861.869), Max=(X=3050.535 Y=1274.344 Z=1319.328) RuntimeGrid:None EditorOnly:false RuntimeOnly:false HLODRelevant:true ListedInSceneOutliner:true IsMainWorldOnly:false
 |   |   |- [+] [ 14]
 |   |   |   |- Guid:99BD8A7C4BAD1C3F922858A3F5257BC6 NativeClass:/Script/Engine.StaticMeshActor Name:StaticMeshActor_UAID_D4939035A6224AAC02_2033917156 Label:SM_PlatformSmall_004 SpatiallyLoaded:true EditorBounds:IsValid=true, Min=(X=-4366.171 Y=5481.432 Z=260.767), Max=(X=2401.881 Y=9412.649 Z=1086.019) RuntimeBounds:IsValid=true, Min=(X=-4366.171 Y=5481.432 Z=260.767), Max=(X=2401.881 Y=9412.649 Z=1086.019) RuntimeGrid:None EditorOnly:false RuntimeOnly:false HLODRelevant:true ListedInSceneOutliner:true IsMainWorldOnly:false
 |   |   |- [+] [ 15]
 |   |   |   |- Guid:9D273D8B4E0E1EBCC778DC9C09FC67A3 NativeClass:/Script/Engine.StaticMeshActor Name:StaticMeshActor_UAID_D4939035A6224BAC02_1265241336 Label:SM_Cliff_004 SpatiallyLoaded:true EditorBounds:IsValid=true, Min=(X=9093.591 Y=-4981.538 Z=-416.192), Max=(X=14912.002 Y=5524.989 Z=6633.526) RuntimeBounds:IsValid=true, Min=(X=9093.591 Y=-4981.538 Z=-416.192), Max=(X=14912.002 Y=5524.989 Z=6633.526) RuntimeGrid:None EditorOnly:false RuntimeOnly:false HLODRelevant:true ListedInSceneOutliner:true IsMainWorldOnly:false
 |   |   |- [+] [ 16]
 |   |   |   |- Guid:A37C248543024E66E04ACFA5155C789B NativeClass:/Script/Engine.PlayerStart Name:PlayerStart_UAID_D8BBC16BAA3495AB02_1309564297 Label:PlayerStart3 SpatiallyLoaded:false EditorBounds:IsValid=true, Min=(X=772.000 Y=1302.000 Z=-35.987), Max=(X=1140.000 Y=1558.000 Z=220.013) RuntimeBounds:IsValid=true, Min=(X=860.000 Y=1390.000 Z=0.013), Max=(X=940.000 Y=1470.000 Z=184.013) RuntimeGrid:None EditorOnly:false RuntimeOnly:false HLODRelevant:false ListedInSceneOutliner:true IsMainWorldOnly:false
 |   |   |- [+] [ 17]
 |   |   |   |- Guid:A5C23AD04E3DA3BF695867948E195266 NativeClass:/Script/Engine.StaticMeshActor Name:StaticMeshActor_UAID_D4939035A6224BAC02_2138717349 Label:SM_Gear_001 SpatiallyLoaded:true EditorBounds:IsValid=true, Min=(X=-4926.235 Y=14314.542 Z=1380.922), Max=(X=-3813.765 Y=15105.459 Z=2439.077) RuntimeBounds:IsValid=true, Min=(X=-4926.235 Y=14314.542 Z=1380.922), Max=(X=-3813.765 Y=15105.459 Z=2439.077) RuntimeGrid:None EditorOnly:false RuntimeOnly:false HLODRelevant:true ListedInSceneOutliner:true IsMainWorldOnly:false
 |   |   |- [+] [ 18]
 |   |   |   |- Guid:A869EE924E0FF23056CF169A1406A061 NativeClass:/Script/Engine.StaticMeshActor Name:StaticMeshActor_UAID_D4939035A6222AAC02_1538938532 Label:Decorative_Orb1 SpatiallyLoaded:true EditorBounds:IsValid=true, Min=(X=1420.000 Y=1140.000 Z=120.000), Max=(X=1420.000 Y=1140.000 Z=120.000) RuntimeBounds:IsValid=true, Min=(X=1420.000 Y=1140.000 Z=120.000), Max=(X=1420.000 Y=1140.000 Z=120.000) RuntimeGrid:None EditorOnly:false RuntimeOnly:false HLODRelevant:false ListedInSceneOutliner:true IsMainWorldOnly:false
 |   |   |- [+] [ 19]
 |   |   |   |- Guid:AAA71BF54A52C98E954B7CAB1E36177B NativeClass:/Script/Engine.PlayerStart Name:PlayerStart_UAID_D8BBC16BAA3495AB02_1210580295 Label:PlayerStart2 SpatiallyLoaded:false EditorBounds:IsValid=true, Min=(X=772.000 Y=1162.000 Z=-35.987), Max=(X=1140.000 Y=1418.000 Z=220.013) RuntimeBounds:IsValid=true, Min=(X=860.000 Y=1250.000 Z=0.013), Max=(X=940.000 Y=1330.000 Z=184.013) RuntimeGrid:None EditorOnly:false RuntimeOnly:false HLODRelevant:false ListedInSceneOutliner:true IsMainWorldOnly:false
 |   |   |- [+] [ 20]
 |   |   |   |- Guid:AC86276848436162D56B7BB7CCB702F6 NativeClass:/Script/Engine.StaticMeshActor Name:StaticMeshActor_UAID_D4939035A6224CAC02_1101489528 Label:SM_Pedestal_001 SpatiallyLoaded:true EditorBounds:IsValid=true, Min=(X=6661.202 Y=-8698.906 Z=3610.420), Max=(X=9566.284 Y=-5603.630 Z=4440.811) RuntimeBounds:IsValid=true, Min=(X=6661.202 Y=-8698.906 Z=3610.420), Max=(X=9566.284 Y=-5603.630 Z=4440.811) RuntimeGrid:None EditorOnly:false RuntimeOnly:false HLODRelevant:true ListedInSceneOutliner:true IsMainWorldOnly:false
 |   |   |- [+] [ 21]
 |   |   |   |- Guid:B785ED2844B84CFB91E7F39FE661CD99 NativeClass:/Script/Engine.DirectionalLight Name:DirectionalLight_0 Label:DirectionalLight SpatiallyLoaded:false EditorBounds:IsValid=false, Min=(X=0.000 Y=0.000 Z=0.000), Max=(X=0.000 Y=0.000 Z=0.000) RuntimeBounds:IsValid=false, Min=(X=0.000 Y=0.000 Z=0.000), Max=(X=0.000 Y=0.000 Z=0.000) RuntimeGrid:None EditorOnly:false RuntimeOnly:false HLODRelevant:false ListedInSceneOutliner:true IsMainWorldOnly:false FolderPath:Lighting FolderGuid:963EC3EB4002CCE9759E2EBA541A873A
 |   |   |- [+] [ 22]
 |   |   |   |- Guid:BC57DA3143FD706D4A90A5B3ADE25E17 NativeClass:/Script/Engine.StaticMeshActor Name:StaticMeshActor_UAID_D4939035A6224BAC02_1353520337 Label:SM_Cliff_005 SpatiallyLoaded:true EditorBounds:IsValid=true, Min=(X=5298.127 Y=-987.181 Z=-77.865), Max=(X=31223.967 Y=22521.530 Z=11307.502) RuntimeBounds:IsValid=true, Min=(X=5298.127 Y=-987.181 Z=-77.865), Max=(X=31223.967 Y=22521.530 Z=11307.502) RuntimeGrid:None EditorOnly:false RuntimeOnly:false HLODRelevant:true ListedInSceneOutliner:true IsMainWorldOnly:false
 |   |   |- [+] [ 23]
 |   |   |   |- Guid:CB2927EF46F8308094D61D85222E2E27 NativeClass:/Script/Engine.StaticMeshActor Name:StaticMeshActor_UAID_D4939035A6224BAC02_1437272342 Label:SM_Cliff_4 SpatiallyLoaded:true EditorBounds:IsValid=true, Min=(X=-3465.024 Y=1152.452 Z=-146.490), Max=(X=31002.686 Y=36192.858 Z=11842.337) RuntimeBounds:IsValid=true, Min=(X=-3465.024 Y=1152.452 Z=-146.490), Max=(X=31002.686 Y=36192.858 Z=11842.337) RuntimeGrid:None EditorOnly:false RuntimeOnly:false HLODRelevant:true ListedInSceneOutliner:true IsMainWorldOnly:false
 |   |   |- [+] [ 24]
 |   |   |   |- Guid:CCFF262C46EEFFDF319E7F9539CE697E NativeClass:/Script/Engine.SkyAtmosphere Name:SkyAtmosphere_0 Label:SkyAtmosphere SpatiallyLoaded:false EditorBounds:IsValid=true, Min=(X=0.000 Y=0.000 Z=1020.000), Max=(X=0.000 Y=0.000 Z=1020.000) RuntimeBounds:IsValid=true, Min=(X=0.000 Y=0.000 Z=1020.000), Max=(X=0.000 Y=0.000 Z=1020.000) RuntimeGrid:None EditorOnly:false RuntimeOnly:false HLODRelevant:false ListedInSceneOutliner:true IsMainWorldOnly:false FolderPath:Lighting FolderGuid:963EC3EB4002CCE9759E2EBA541A873A
 |   |   |- [+] [ 25]
 |   |   |   |- Guid:D953122548CAD5E90F590BA0A23901F7 NativeClass:/Script/Engine.StaticMeshActor Name:StaticMeshActor_UAID_D4939035A6224AAC02_2128546159 Label:SM_PlatformSmall_4 SpatiallyLoaded:true EditorBounds:IsValid=true, Min=(X=-3215.629 Y=-5362.233 Z=43.934), Max=(X=2307.509 Y=-887.173 Z=2671.622) RuntimeBounds:IsValid=true, Min=(X=-3215.629 Y=-5362.233 Z=43.934), Max=(X=2307.509 Y=-887.173 Z=2671.622) RuntimeGrid:None EditorOnly:false RuntimeOnly:false HLODRelevant:true ListedInSceneOutliner:true IsMainWorldOnly:false
 |   |   |- [+] [ 26]
 |   |   |   |- Guid:DB35DC2D49DD0E394F1E00AC484548B8 NativeClass:/Script/Engine.StaticMeshActor Name:StaticMeshActor_UAID_D4939035A6224BAC02_2070083347 Label:SM_WellSmall_001 SpatiallyLoaded:true EditorBounds:IsValid=true, Min=(X=-5234.840 Y=15278.433 Z=3134.096), Max=(X=-981.608 Y=19531.653 Z=5986.685) RuntimeBounds:IsValid=true, Min=(X=-5234.840 Y=15278.433 Z=3134.096), Max=(X=-981.608 Y=19531.653 Z=5986.685) RuntimeGrid:None EditorOnly:false RuntimeOnly:false HLODRelevant:true ListedInSceneOutliner:true IsMainWorldOnly:false
 |   |   |- [+] [ 27]
 |   |   |   |- Guid:EC4E0C944CE6AC6E784BC6BB2916EA13 NativeClass:/Script/Engine.StaticMeshActor Name:StaticMeshActor_UAID_A4AE111137DC5EFB00_1110535423 Label:SM_SkySphere SpatiallyLoaded:false EditorBounds:IsValid=true, Min=(X=-1638400.000 Y=-1638400.000 Z=-1638400.000), Max=(X=1638400.000 Y=1638400.000 Z=1638400.000) RuntimeBounds:IsValid=true, Min=(X=-1638400.000 Y=-1638400.000 Z=-1638400.000), Max=(X=1638400.000 Y=1638400.000 Z=1638400.000) RuntimeGrid:None EditorOnly:false RuntimeOnly:false HLODRelevant:false ListedInSceneOutliner:true IsMainWorldOnly:false FolderPath:Lighting FolderGuid:963EC3EB4002CCE9759E2EBA541A873A
 |   |   |- [+] [ 28]
 |   |   |   |- Guid:EF6034684283FEBC540095BBB85A6C2F NativeClass:/Script/Engine.StaticMeshActor Name:StaticMeshActor_UAID_D4939035A6224BAC02_2146367350 Label:SM_Gear_2 SpatiallyLoaded:true EditorBounds:IsValid=true, Min=(X=-589.078 Y=14184.542 Z=1533.765), Max=(X=469.077 Y=14975.459 Z=2646.235) RuntimeBounds:IsValid=true, Min=(X=-589.078 Y=14184.542 Z=1533.765), Max=(X=469.077 Y=14975.459 Z=2646.235) RuntimeGrid:None EditorOnly:false RuntimeOnly:false HLODRelevant:true ListedInSceneOutliner:true IsMainWorldOnly:false
 |   |   |- [+] [ 29]
 |   |   |   |- Guid:F1924B8D48954B30891B2DB6A694F9CC NativeClass:/Script/Engine.StaticMeshActor Name:StaticMeshActor_1 Label:SM_Cube SpatiallyLoaded:true EditorBounds:IsValid=true, Min=(X=-16900.000 Y=-21630.000 Z=-50.000), Max=(X=33100.000 Y=28370.000 Z=0.000) RuntimeBounds:IsValid=true, Min=(X=-16900.000 Y=-21630.000 Z=-50.000), Max=(X=33100.000 Y=28370.000 Z=0.000) RuntimeGrid:None EditorOnly:false RuntimeOnly:false HLODRelevant:true ListedInSceneOutliner:true IsMainWorldOnly:false FolderPath:Playground FolderGuid:C73F09FC4215536B1DCE2A9E0A830C70
 |   |   |- [+] [ 30]
 |   |   |   |- Guid:F1FAE4C8429680B510F304844BD60E51 NativeClass:/Script/Engine.StaticMeshActor Name:StaticMeshActor_UAID_D4939035A6224BAC02_1458996344 Label:SM_Cliff_7 SpatiallyLoaded:true EditorBounds:IsValid=true, Min=(X=-11757.863 Y=13510.477 Z=-162.754), Max=(X=11515.781 Y=34523.529 Z=13936.683) RuntimeBounds:IsValid=true, Min=(X=-11757.863 Y=13510.477 Z=-162.754), Max=(X=11515.781 Y=34523.529 Z=13936.683) RuntimeGrid:None EditorOnly:false RuntimeOnly:false HLODRelevant:true ListedInSceneOutliner:true IsMainWorldOnly:false
 |   |   |- [+] [ 31]
 |   |   |   |- Guid:FBB89B17491EDD144A3699B006119753 NativeClass:/Script/Engine.StaticMeshActor Name:StaticMeshActor_UAID_D4939035A6224AAC02_2024308155 Label:SM_PlatformSmall_003 SpatiallyLoaded:true EditorBounds:IsValid=true, Min=(X=-3476.757 Y=-499.525 Z=-18.033), Max=(X=-292.006 Y=2524.003 Z=1295.811) RuntimeBounds:IsValid=true, Min=(X=-3476.757 Y=-499.525 Z=-18.033), Max=(X=-292.006 Y=2524.003 Z=1295.811) RuntimeGrid:None EditorOnly:false RuntimeOnly:false HLODRelevant:true ListedInSceneOutliner:true IsMainWorldOnly:false
 |   |   |- [+] [ 32]
 |   |   |   |- Guid:FCBD218948083869A7D7A3B95EFF6B94 NativeClass:/Script/Engine.StaticMeshActor Name:StaticMeshActor_UAID_D4939035A6224AAC02_2071057158 Label:SM_Platform_003 SpatiallyLoaded:true EditorBounds:IsValid=true, Min=(X=-1170.074 Y=-5684.787 Z=-1440.157), Max=(X=5534.217 Y=4346.587 Z=156.293) RuntimeBounds:IsValid=true, Min=(X=-1170.074 Y=-5684.787 Z=-1440.157), Max=(X=5534.217 Y=4346.587 Z=156.293) RuntimeGrid:None EditorOnly:false RuntimeOnly:false HLODRelevant:true ListedInSceneOutliner:true IsMainWorldOnly:false
 |   |   |- [+] [ 33]
 |   |   |   |- Guid:FFD2B4314C2120C28AF57599A4AE6E48 NativeClass:/Script/Engine.StaticMeshActor Name:StaticMeshActor_UAID_D4939035A6224BAC02_1366551339 Label:SM_Cliff_003 SpatiallyLoaded:true EditorBounds:IsValid=true, Min=(X=4736.641 Y=-22379.266 Z=-790.152), Max=(X=30647.954 Y=2256.532 Z=8201.468) RuntimeBounds:IsValid=true, Min=(X=4736.641 Y=-22379.266 Z=-790.152), Max=(X=30647.954 Y=2256.532 Z=8201.468) RuntimeGrid:None EditorOnly:false RuntimeOnly:false HLODRelevant:true ListedInSceneOutliner:true IsMainWorldOnly:false
 |- ContainerInstances:
 |- [+] MainContainer:
 |   |-        ID: 00000000000000000000000000000000
 |   |-  ParentID: 00000000000000000000000000000000
 |   |-    Bounds: IsValid=false, Min=(X=0.000 Y=0.000 Z=0.000), Max=(X=0.000 Y=0.000 Z=0.000)
 |   |- Transform: 0.000000,0.000000,0.000000|0.000000,0.000000,-0.000000|1.000000,1.000000,1.000000
 |   |- Container: /Game/ThirdPerson/Maps/ThirdPersonMap
----------------------------------------------------------------------------------------------------------------
ThirdPersonMap - Persistent Level
----------------------------------------------------------------------------------------------------------------
[+] Content of ThirdPersonMap Persistent Level
 |- Always loaded Actor Count: 34 
 |- Actor Path: /Game/ThirdPerson/Maps/ThirdPersonMap.ThirdPersonMap:PersistentLevel.BP_Portal_1_C_UAID_D4939035A62244AC02_1385066095
 |- Actor Package: /Game/__ExternalActors__/ThirdPerson/Maps/ThirdPersonMap/C/R0/N66FF5I9VRWJ0A4YGXYLI2
 |- Actor Path: /Game/ThirdPerson/Maps/ThirdPersonMap.ThirdPersonMap:PersistentLevel.DirectionalLight_0
 |- Actor Package: /Game/__ExternalActors__/ThirdPerson/Maps/ThirdPersonMap/5/R1/TS5OQ5CRUWFZYL1ZQ7I416
 |- Actor Path: /Game/ThirdPerson/Maps/ThirdPersonMap.ThirdPersonMap:PersistentLevel.ExponentialHeightFog_0
 |- Actor Package: /Game/__ExternalActors__/ThirdPerson/Maps/ThirdPersonMap/6/J7/N10XDC9G27EMLS5AGZ6AVV
 |- Actor Path: /Game/ThirdPerson/Maps/ThirdPersonMap.ThirdPersonMap:PersistentLevel.PlayerStart_UAID_D8BBC16BAA3495AB02_1210580295
 |- Actor Package: /Game/__ExternalActors__/ThirdPerson/Maps/ThirdPersonMap/E/BQ/USMEY2410N57A7MP1P3A7Q
 |- Actor Path: /Game/ThirdPerson/Maps/ThirdPersonMap.ThirdPersonMap:PersistentLevel.PlayerStart_UAID_D8BBC16BAA3495AB02_1309564297
 |- Actor Package: /Game/__ExternalActors__/ThirdPerson/Maps/ThirdPersonMap/B/OJ/U0RZ86L66SLSDGKG2UA4LE
 |- Actor Path: /Game/ThirdPerson/Maps/ThirdPersonMap.ThirdPersonMap:PersistentLevel.PlayerStart_UAID_D8BBC16BAA3495AB02_1311257298
 |- Actor Package: /Game/__ExternalActors__/ThirdPerson/Maps/ThirdPersonMap/8/W1/83EF1T0VKURHN56GR18BVP
 |- Actor Path: /Game/ThirdPerson/Maps/ThirdPersonMap.ThirdPersonMap:PersistentLevel.SkyAtmosphere_0
 |- Actor Package: /Game/__ExternalActors__/ThirdPerson/Maps/ThirdPersonMap/4/LN/30UBDLYFFA5ZR7U4W4L4GG
 |- Actor Path: /Game/ThirdPerson/Maps/ThirdPersonMap.ThirdPersonMap:PersistentLevel.SkyLight_1
 |- Actor Package: /Game/__ExternalActors__/ThirdPerson/Maps/ThirdPersonMap/8/S1/DXUWD12MD3HRWVVXX076BY
 |- Actor Path: /Game/ThirdPerson/Maps/ThirdPersonMap.ThirdPersonMap:PersistentLevel.StaticMeshActor_1
 |- Actor Package: /Game/__ExternalActors__/ThirdPerson/Maps/ThirdPersonMap/6/YO/NG2R9BPZVA7ZDN0Z4VSTG6
 |- Actor Path: /Game/ThirdPerson/Maps/ThirdPersonMap.ThirdPersonMap:PersistentLevel.StaticMeshActor_UAID_A4AE111137DC5EFB00_1110535423
 |- Actor Package: /Game/__ExternalActors__/ThirdPerson/Maps/ThirdPersonMap/4/PN/2QISIGK5DJNQ05US8O8FXW
 |- Actor Path: /Game/ThirdPerson/Maps/ThirdPersonMap.ThirdPersonMap:PersistentLevel.StaticMeshActor_UAID_D4939035A6222AAC02_1431231527
 |- Actor Package: /Game/__ExternalActors__/ThirdPerson/Maps/ThirdPersonMap/8/5Q/PV7VLKTACX47NY6KL0QZSI
 |- Actor Path: /Game/ThirdPerson/Maps/ThirdPersonMap.ThirdPersonMap:PersistentLevel.StaticMeshActor_UAID_D4939035A6222AAC02_1525933531
 |- Actor Package: /Game/__ExternalActors__/ThirdPerson/Maps/ThirdPersonMap/1/2L/X6VM3DFBL0RBBU5R80PSSU
 |- Actor Path: /Game/ThirdPerson/Maps/ThirdPersonMap.ThirdPersonMap:PersistentLevel.StaticMeshActor_UAID_D4939035A6222AAC02_1538938532
 |- Actor Package: /Game/__ExternalActors__/ThirdPerson/Maps/ThirdPersonMap/B/TG/L9D1ORCKW39KX0AJ78GMNS
 |- Actor Path: /Game/ThirdPerson/Maps/ThirdPersonMap.ThirdPersonMap:PersistentLevel.StaticMeshActor_UAID_D4939035A6224AAC02_2024308155
 |- Actor Package: /Game/__ExternalActors__/ThirdPerson/Maps/ThirdPersonMap/8/NL/I73SRTUZJ6R9MFSO6NKF64
 |- Actor Path: /Game/ThirdPerson/Maps/ThirdPersonMap.ThirdPersonMap:PersistentLevel.StaticMeshActor_UAID_D4939035A6224AAC02_2033917156
 |- Actor Package: /Game/__ExternalActors__/ThirdPerson/Maps/ThirdPersonMap/4/F7/FS815EIZVLQ9ESF1SHGL45
 |- Actor Path: /Game/ThirdPerson/Maps/ThirdPersonMap.ThirdPersonMap:PersistentLevel.StaticMeshActor_UAID_D4939035A6224AAC02_2065269157
 |- Actor Package: /Game/__ExternalActors__/ThirdPerson/Maps/ThirdPersonMap/5/6U/OCB6KQKV83BPGIN9AF32IE
 |- Actor Path: /Game/ThirdPerson/Maps/ThirdPersonMap.ThirdPersonMap:PersistentLevel.StaticMeshActor_UAID_D4939035A6224AAC02_2071057158
 |- Actor Package: /Game/__ExternalActors__/ThirdPerson/Maps/ThirdPersonMap/3/9D/J2530P5VWGJEYIWZ4B4N7C
 |- Actor Path: /Game/ThirdPerson/Maps/ThirdPersonMap.ThirdPersonMap:PersistentLevel.StaticMeshActor_UAID_D4939035A6224AAC02_2128546159
 |- Actor Package: /Game/__ExternalActors__/ThirdPerson/Maps/ThirdPersonMap/0/GX/L1I829P98PIHXKRQ5PU5KC
 |- Actor Path: /Game/ThirdPerson/Maps/ThirdPersonMap.ThirdPersonMap:PersistentLevel.StaticMeshActor_UAID_D4939035A6224BAC02_1265241336
 |- Actor Package: /Game/__ExternalActors__/ThirdPerson/Maps/ThirdPersonMap/7/9T/UOL2L9ZIG8UNP0N94K0XDV
 |- Actor Path: /Game/ThirdPerson/Maps/ThirdPersonMap.ThirdPersonMap:PersistentLevel.StaticMeshActor_UAID_D4939035A6224BAC02_1353520337
 |- Actor Package: /Game/__ExternalActors__/ThirdPerson/Maps/ThirdPersonMap/2/VE/PJSGUK4G7MAT3CXFK57KYC
 |- Actor Path: /Game/ThirdPerson/Maps/ThirdPersonMap.ThirdPersonMap:PersistentLevel.StaticMeshActor_UAID_D4939035A6224BAC02_1359414338
 |- Actor Package: /Game/__ExternalActors__/ThirdPerson/Maps/ThirdPersonMap/3/CK/O2CPFU1GFHHADT3S4AVX11
 |- Actor Path: /Game/ThirdPerson/Maps/ThirdPersonMap.ThirdPersonMap:PersistentLevel.StaticMeshActor_UAID_D4939035A6224BAC02_1366551339
 |- Actor Package: /Game/__ExternalActors__/ThirdPerson/Maps/ThirdPersonMap/4/RW/QD7DQ8IZJGNYU2EBHH50R0
 |- Actor Path: /Game/ThirdPerson/Maps/ThirdPersonMap.ThirdPersonMap:PersistentLevel.StaticMeshActor_UAID_D4939035A6224BAC02_1401874340
 |- Actor Package: /Game/__ExternalActors__/ThirdPerson/Maps/ThirdPersonMap/C/7L/884TSJOHEDKJKYW53LXA9J
 |- Actor Path: /Game/ThirdPerson/Maps/ThirdPersonMap.ThirdPersonMap:PersistentLevel.StaticMeshActor_UAID_D4939035A6224BAC02_1437272342
 |- Actor Package: /Game/__ExternalActors__/ThirdPerson/Maps/ThirdPersonMap/4/BG/V7LFZODK62VR51N4HIOVUD
 |- Actor Path: /Game/ThirdPerson/Maps/ThirdPersonMap.ThirdPersonMap:PersistentLevel.StaticMeshActor_UAID_D4939035A6224BAC02_1458996344
 |- Actor Package: /Game/__ExternalActors__/ThirdPerson/Maps/ThirdPersonMap/D/GB/H91SL64BTGH7ZIY7LKYRNC
 |- Actor Path: /Game/ThirdPerson/Maps/ThirdPersonMap.ThirdPersonMap:PersistentLevel.StaticMeshActor_UAID_D4939035A6224BAC02_1476386345
 |- Actor Package: /Game/__ExternalActors__/ThirdPerson/Maps/ThirdPersonMap/A/7J/1FZ3KPMM0E8CA95KI4OAYL
 |- Actor Path: /Game/ThirdPerson/Maps/ThirdPersonMap.ThirdPersonMap:PersistentLevel.StaticMeshActor_UAID_D4939035A6224BAC02_1484294346
 |- Actor Package: /Game/__ExternalActors__/ThirdPerson/Maps/ThirdPersonMap/A/37/S7DR06S3VXGQJGHW38KA4T
 |- Actor Path: /Game/ThirdPerson/Maps/ThirdPersonMap.ThirdPersonMap:PersistentLevel.StaticMeshActor_UAID_D4939035A6224BAC02_2070083347
 |- Actor Package: /Game/__ExternalActors__/ThirdPerson/Maps/ThirdPersonMap/3/QU/P5V8YAQ6RYKF482XJSFDMK
 |- Actor Path: /Game/ThirdPerson/Maps/ThirdPersonMap.ThirdPersonMap:PersistentLevel.StaticMeshActor_UAID_D4939035A6224BAC02_2087599348
 |- Actor Package: /Game/__ExternalActors__/ThirdPerson/Maps/ThirdPersonMap/6/37/SB2GE1SLAZ6XW254R4FHCU
 |- Actor Path: /Game/ThirdPerson/Maps/ThirdPersonMap.ThirdPersonMap:PersistentLevel.StaticMeshActor_UAID_D4939035A6224BAC02_2138717349
 |- Actor Package: /Game/__ExternalActors__/ThirdPerson/Maps/ThirdPersonMap/0/JU/KILC5S6P8BAUOIEC14JRQP
 |- Actor Path: /Game/ThirdPerson/Maps/ThirdPersonMap.ThirdPersonMap:PersistentLevel.StaticMeshActor_UAID_D4939035A6224BAC02_2146367350
 |- Actor Package: /Game/__ExternalActors__/ThirdPerson/Maps/ThirdPersonMap/3/O0/7M2NN19ROP5IVOA3F59YYB
 |- Actor Path: /Game/ThirdPerson/Maps/ThirdPersonMap.ThirdPersonMap:PersistentLevel.StaticMeshActor_UAID_D4939035A6224CAC02_1101489528
 |- Actor Package: /Game/__ExternalActors__/ThirdPerson/Maps/ThirdPersonMap/1/1X/RZBKHCT0DMXP00I3WXAFDF
 |- Actor Path: /Game/ThirdPerson/Maps/ThirdPersonMap.ThirdPersonMap:PersistentLevel.VolumetricCloud_0
 |- Actor Package: /Game/__ExternalActors__/ThirdPerson/Maps/ThirdPersonMap/3/EY/87SHEJN5UBEAN2K5OV1G6R
 |- Actor Path: /Game/ThirdPerson/Maps/ThirdPersonMap.ThirdPersonMap:PersistentLevel.WorldDataLayers
 |- Actor Package: /Game/__ExternalActors__/ThirdPerson/Maps/ThirdPersonMap/0/43/HYQWORMY4JDQ5X3OKZXFLC

----------------------------------------------------------------------------------------------------------------
ThirdPersonMap - Runtime Hash Set
----------------------------------------------------------------------------------------------------------------

